#
# There is insufficient memory for the Java Runtime Environment to continue.
# Native memory allocation (mmap) failed to map 65536 bytes for Failed to commit metaspace.
# Possible reasons:
#   The system is out of physical RAM or swap space
#   The process is running with CompressedOops enabled, and the Java Heap may be blocking the growth of the native heap
# Possible solutions:
#   Reduce memory load on the system
#   Increase physical memory or swap space
#   Check if swap backing store is full
#   Decrease Java heap size (-Xmx/-Xms)
#   Decrease number of Java threads
#   Decrease Java thread stack sizes (-Xss)
#   Set larger code cache with -XX:ReservedCodeCacheSize=
#   JVM is running with Zero Based Compressed Oops mode in which the Java heap is
#     placed in the first 32GB address space. The Java Heap base address is the
#     maximum limit for the native heap growth. Please use -XX:HeapBaseMinAddress
#     to set the Java Heap base and to place the Java Heap above 32GB virtual address.
# This output file may be truncated or incomplete.
#
#  Out of Memory Error (virtualSpaceNode.cpp:108), pid=26336, tid=10664
#
# JRE version: OpenJDK Runtime Environment Corretto-16.0.2.7.1 (16.0.2+7) (build 16.0.2+7)
# Java VM: OpenJDK 64-Bit Server VM Corretto-16.0.2.7.1 (16.0.2+7, mixed mode, sharing, tiered, compressed oops, compressed class ptrs, g1 gc, windows-amd64)
# No core dump will be written. Minidumps are not enabled by default on client versions of Windows
#

---------------  S U M M A R Y ------------

Command Line: -XX:TieredStopAtLevel=1 -Xverify:none -Dspring.output.ansi.enabled=always -javaagent:D:\Program Files\IntelliJ IDEA 2021.1.2\lib\idea_rt.jar=51993:D:\Program Files\IntelliJ IDEA 2021.1.2\bin -Dcom.sun.management.jmxremote -Dspring.jmx.enabled=true -Dspring.liveBeansView.mbeanDomain -Dspring.application.admin.enabled=true -Dfile.encoding=UTF-8 main.biggreenbook.BigGreenBookApplication

Host: Intel(R) Core(TM) i5-9300H CPU @ 2.40GHz, 8 cores, 15G,  Windows 10 , 64 bit Build 19041 (10.0.19041.1566)
Time: Sun Apr 10 22:46:03 2022  Windows 10 , 64 bit Build 19041 (10.0.19041.1566) elapsed time: 0.986121 seconds (0d 0h 0m 0s)

---------------  T H R E A D  ---------------

Current thread (0x000001b2518069e0):  JavaThread "Attach Listener" daemon [_thread_in_vm, id=10664, stack(0x00000081c5d00000,0x00000081c5e00000)]

Stack: [0x00000081c5d00000,0x00000081c5e00000]
Native frames: (J=compiled Java code, j=interpreted, Vv=VM code, C=native code)
V  [jvm.dll+0x647e0a]
V  [jvm.dll+0x7f0549]
V  [jvm.dll+0x7f1cfe]
V  [jvm.dll+0x7f2343]
V  [jvm.dll+0x23dd88]
V  [jvm.dll+0x7ecd8b]
V  [jvm.dll+0x5ef1d6]
V  [jvm.dll+0x5ef23a]
V  [jvm.dll+0x5f1728]
V  [jvm.dll+0x5efad1]
V  [jvm.dll+0x23241f]
V  [jvm.dll+0x5f9525]
V  [jvm.dll+0x1e5aaa]
V  [jvm.dll+0x1e5f35]
V  [jvm.dll+0x1e6ab9]
V  [jvm.dll+0x1dbef9]
V  [jvm.dll+0x51baa8]
V  [jvm.dll+0x1ece02]
V  [jvm.dll+0x76abc6]
V  [jvm.dll+0x76c3de]
V  [jvm.dll+0x3fcd86]
C  [java.dll+0x1a31]

Java frames: (J=compiled Java code, j=interpreted, Vv=VM code)
J 1024  java.lang.ClassLoader.findBootstrapClass(Ljava/lang/String;)Ljava/lang/Class; java.base@16.0.2 (0 bytes) @ 0x000001b2363d8a1f [0x000001b2363d89c0+0x000000000000005f]
J 1021 c1 jdk.internal.loader.ClassLoaders$BootClassLoader.loadClassOrNull(Ljava/lang/String;Z)Ljava/lang/Class; java.base@16.0.2 (11 bytes) @ 0x000001b2363daa34 [0x000001b2363da9c0+0x0000000000000074]
j  jdk.internal.loader.BuiltinClassLoader.loadClassOrNull(Ljava/lang/String;)Ljava/lang/Class;+3 java.base@16.0.2
j  jdk.internal.loader.BootLoader.loadClassOrNull(Ljava/lang/String;)Ljava/lang/Class;+4 java.base@16.0.2
j  jdk.internal.loader.BootLoader.loadClass(Ljava/lang/Module;Ljava/lang/String;)Ljava/lang/Class;+1 java.base@16.0.2
j  java.lang.Class.forName(Ljava/lang/Module;Ljava/lang/String;)Ljava/lang/Class;+87 java.base@16.0.2
j  sun.util.resources.Bundles.findBundleOf(Lsun/util/resources/Bundles$CacheKey;Lsun/util/resources/Bundles$Strategy;Ljava/lang/String;Ljava/util/List;I)Ljava/util/ResourceBundle;+205 java.base@16.0.2
j  sun.util.resources.Bundles.findBundleOf(Lsun/util/resources/Bundles$CacheKey;Lsun/util/resources/Bundles$Strategy;Ljava/lang/String;Ljava/util/List;I)Ljava/util/ResourceBundle;+37 java.base@16.0.2
j  sun.util.resources.Bundles.loadBundleOf(Ljava/lang/String;Ljava/util/Locale;Lsun/util/resources/Bundles$Strategy;)Ljava/util/ResourceBundle;+112 java.base@16.0.2
j  sun.util.resources.Bundles.of(Ljava/lang/String;Ljava/util/Locale;Lsun/util/resources/Bundles$Strategy;)Ljava/util/ResourceBundle;+3 java.base@16.0.2
j  sun.util.resources.LocaleData$1.run()Ljava/util/ResourceBundle;+11 java.base@16.0.2
j  sun.util.resources.LocaleData$1.run()Ljava/lang/Object;+1 java.base@16.0.2
J 777 c1 java.security.AccessController.doPrivileged(Ljava/security/PrivilegedAction;)Ljava/lang/Object; java.base@16.0.2 (9 bytes) @ 0x000001b23636817c [0x000001b236368140+0x000000000000003c]
j  sun.util.resources.LocaleData.getBundle(Ljava/lang/String;Ljava/util/Locale;)Ljava/util/ResourceBundle;+9 java.base@16.0.2
j  sun.util.resources.LocaleData.getTimeZoneNames(Ljava/util/Locale;)Lsun/util/resources/TimeZoneNamesBundle;+26 java.base@16.0.2
j  sun.util.locale.provider.LocaleResources.getTimeZoneNames(Ljava/lang/String;)Ljava/lang/Object;+70 java.base@16.0.2
j  sun.util.locale.provider.TimeZoneNameProviderImpl.getDisplayNameArray(Ljava/lang/String;Ljava/util/Locale;)[Ljava/lang/String;+22 java.base@16.0.2
j  sun.util.cldr.CLDRTimeZoneNameProviderImpl.getDisplayNameArray(Ljava/lang/String;Ljava/util/Locale;)[Ljava/lang/String;+3 java.base@16.0.2
j  sun.util.locale.provider.TimeZoneNameProviderImpl.getDisplayName(Ljava/lang/String;ZILjava/util/Locale;)Ljava/lang/String;+4 java.base@16.0.2
j  sun.util.locale.provider.TimeZoneNameUtility$TimeZoneNameGetter.getName(Ljava/util/spi/TimeZoneNameProvider;Ljava/util/Locale;Ljava/lang/String;ILjava/lang/String;)Ljava/lang/String;+126 java.base@16.0.2
j  sun.util.locale.provider.TimeZoneNameUtility$TimeZoneNameGetter.getObject(Ljava/util/spi/TimeZoneNameProvider;Ljava/util/Locale;Ljava/lang/String;[Ljava/lang/Object;)Ljava/lang/String;+49 java.base@16.0.2
j  sun.util.locale.provider.TimeZoneNameUtility$TimeZoneNameGetter.getObject(Ljava/util/spi/LocaleServiceProvider;Ljava/util/Locale;Ljava/lang/String;[Ljava/lang/Object;)Ljava/lang/Object;+9 java.base@16.0.2
j  sun.util.locale.provider.LocaleServiceProviderPool.getLocalizedObjectImpl(Lsun/util/locale/provider/LocaleServiceProviderPool$LocalizedObjectGetter;Ljava/util/Locale;ZLjava/lang/String;[Ljava/lang/Object;)Ljava/lang/Object;+93 java.base@16.0.2
j  sun.util.locale.provider.LocaleServiceProviderPool.getLocalizedObject(Lsun/util/locale/provider/LocaleServiceProviderPool$LocalizedObjectGetter;Ljava/util/Locale;Ljava/lang/String;[Ljava/lang/Object;)Ljava/lang/Object;+7 java.base@16.0.2
j  sun.util.locale.provider.TimeZoneNameUtility.retrieveDisplayNamesImpl(Ljava/lang/String;Ljava/util/Locale;)[Ljava/lang/String;+140 java.base@16.0.2
j  sun.util.locale.provider.TimeZoneNameUtility.retrieveDisplayName(Ljava/lang/String;ZILjava/util/Locale;)Ljava/lang/String;+2 java.base@16.0.2
j  java.util.TimeZone.getDisplayName(ZILjava/util/Locale;)Ljava/lang/String;+47 java.base@16.0.2
j  java.util.Date.toString()Ljava/lang/String;+150 java.base@16.0.2
j  java.util.Properties.store0(Ljava/io/BufferedWriter;Ljava/lang/String;Z)V+29 java.base@16.0.2
j  java.util.Properties.store(Ljava/io/OutputStream;Ljava/lang/String;)V+21 java.base@16.0.2
j  jdk.internal.vm.VMSupport.serializePropertiesToByteArray(Ljava/util/Properties;)[B+77 java.base@16.0.2
j  jdk.internal.vm.VMSupport.serializeAgentPropertiesToByteArray()[B+3 java.base@16.0.2
v  ~StubRoutines::call_stub

---------------  P R O C E S S  ---------------

Threads class SMR info:
_java_thread_list=0x000001b25b445430, length=13, elements={
0x000001b22b98f130, 0x000001b2517ec500, 0x000001b2517ed3c0, 0x000001b2518030b0,
0x000001b2518069e0, 0x000001b2518072f0, 0x000001b251807c00, 0x000001b251808cb0,
0x000001b2524199a0, 0x000001b2517cb270, 0x000001b25273a750, 0x000001b25273eb70,
0x000001b25b4878c0
}

Java Threads: ( => current thread )
  0x000001b22b98f130 JavaThread "main" [_thread_in_vm, id=22404, stack(0x00000081c5300000,0x00000081c5400000)]
  0x000001b2517ec500 JavaThread "Reference Handler" daemon [_thread_blocked, id=18484, stack(0x00000081c5a00000,0x00000081c5b00000)]
  0x000001b2517ed3c0 JavaThread "Finalizer" daemon [_thread_blocked, id=9480, stack(0x00000081c5b00000,0x00000081c5c00000)]
  0x000001b2518030b0 JavaThread "Signal Dispatcher" daemon [_thread_blocked, id=27260, stack(0x00000081c5c00000,0x00000081c5d00000)]
=>0x000001b2518069e0 JavaThread "Attach Listener" daemon [_thread_in_vm, id=10664, stack(0x00000081c5d00000,0x00000081c5e00000)]
  0x000001b2518072f0 JavaThread "Service Thread" daemon [_thread_blocked, id=26516, stack(0x00000081c5e00000,0x00000081c5f00000)]
  0x000001b251807c00 JavaThread "Monitor Deflation Thread" daemon [_thread_blocked, id=23436, stack(0x00000081c5f00000,0x00000081c6000000)]
  0x000001b251808cb0 JavaThread "C1 CompilerThread0" daemon [_thread_blocked, id=25028, stack(0x00000081c6000000,0x00000081c6100000)]
  0x000001b2524199a0 JavaThread "Sweeper thread" daemon [_thread_blocked, id=25688, stack(0x00000081c6100000,0x00000081c6200000)]
  0x000001b2517cb270 JavaThread "Common-Cleaner" daemon [_thread_blocked, id=26888, stack(0x00000081c6200000,0x00000081c6300000)]
  0x000001b25273a750 JavaThread "Monitor Ctrl-Break" daemon [_thread_in_native, id=25884, stack(0x00000081c6300000,0x00000081c6400000)]
  0x000001b25273eb70 JavaThread "Notification Thread" daemon [_thread_blocked, id=25284, stack(0x00000081c6400000,0x00000081c6500000)]
  0x000001b25b4878c0 JavaThread "RMI TCP Accept-0" daemon [_thread_in_native, id=26856, stack(0x00000081c6500000,0x00000081c6600000)]

Other Threads:
  0x000001b2517e4d50 VMThread "VM Thread" [stack: 0x00000081c5900000,0x00000081c5a00000] [id=24932]
  0x000001b22b990130 WatcherThread [stack: 0x00000081c6600000,0x00000081c6700000] [id=25876]
  0x000001b22b9dd9b0 GCTaskThread "GC Thread#0" [stack: 0x00000081c5400000,0x00000081c5500000] [id=25140]
  0x000001b25b7d1070 GCTaskThread "GC Thread#1" [stack: 0x00000081c6700000,0x00000081c6800000] [id=17192]
  0x000001b25b7d1380 GCTaskThread "GC Thread#2" [stack: 0x00000081c6800000,0x00000081c6900000] [id=25560]
  0x000001b25b7d1690 GCTaskThread "GC Thread#3" [stack: 0x00000081c6900000,0x00000081c6a00000] [id=16664]
  0x000001b25b811fa0 GCTaskThread "GC Thread#4" [stack: 0x00000081c6a00000,0x00000081c6b00000] [id=5812]
  0x000001b25b812b00 GCTaskThread "GC Thread#5" [stack: 0x00000081c6b00000,0x00000081c6c00000] [id=25072]
  0x000001b25b8166a0 GCTaskThread "GC Thread#6" [stack: 0x00000081c6c00000,0x00000081c6d00000] [id=24984]
  0x000001b25b816bc0 GCTaskThread "GC Thread#7" [stack: 0x00000081c6d00000,0x00000081c6e00000] [id=26192]
  0x000001b22b9ee8c0 ConcurrentGCThread "G1 Main Marker" [stack: 0x00000081c5500000,0x00000081c5600000] [id=15596]
  0x000001b22b9f0b80 ConcurrentGCThread "G1 Conc#0" [stack: 0x00000081c5600000,0x00000081c5700000] [id=26972]
  0x000001b22ba5dc80 ConcurrentGCThread "G1 Refine#0" [stack: 0x00000081c5700000,0x00000081c5800000] [id=27100]
  0x000001b25b8184a0 ConcurrentGCThread "G1 Refine#1" [stack: 0x00000081c6e00000,0x00000081c6f00000] [id=4704]
  0x000001b22ba5e700 ConcurrentGCThread "G1 Service" [stack: 0x00000081c5800000,0x00000081c5900000] [id=5276]

Threads with active compile tasks:

VM state: not at safepoint (normal execution)

VM Mutex/Monitor currently owned by a thread:  ([mutex/lock_event])
[0x000001b22b98af30] MetaspaceExpand_lock - owner thread: 0x000001b2518069e0

Heap address: 0x0000000701200000, size: 4078 MB, Compressed Oops mode: Zero based, Oop shift amount: 3

CDS archive(s) mapped at: [0x0000000800000000-0x0000000800be0000-0x0000000800be0000), size 12451840, SharedBaseAddress: 0x0000000800000000, ArchiveRelocationMode: 0.
Compressed class space mapped at: 0x0000000800c00000-0x0000000840c00000, reserved size: 1073741824
Narrow klass base: 0x0000000800000000, Narrow klass shift: 3, Narrow klass range: 0x100000000

GC Precious Log:
 CPUs: 8 total, 8 available
 Memory: 16304M
 Large Page Support: Disabled
 NUMA Support: Disabled
 Compressed Oops: Enabled (Zero based)
 Heap Region Size: 2M
 Heap Min Capacity: 8M
 Heap Initial Capacity: 256M
 Heap Max Capacity: 4078M
 Pre-touch: Disabled
 Parallel Workers: 8
 Concurrent Workers: 2
 Concurrent Refinement Workers: 8
 Periodic GC: Disabled

Heap:
 garbage-first heap   total 262144K, used 5470K [0x0000000701200000, 0x0000000800000000)
  region size 2048K, 3 young (6144K), 2 survivors (4096K)
 Metaspace       used 7397K, committed 7552K, reserved 1056768K
  class space    used 874K, committed 960K, reserved 1048576K

Heap Regions: E=young(eden), S=young(survivor), O=old, HS=humongous(starts), HC=humongous(continues), CS=collection set, F=free, OA=open archive, CA=closed archive, TAMS=top-at-mark-start (previous, next)
|   0|0x0000000701200000, 0x0000000701357a00, 0x0000000701400000| 67%| O|  |TAMS 0x0000000701200000, 0x0000000701200000| Untracked 
|   1|0x0000000701400000, 0x0000000701400000, 0x0000000701600000|  0%| F|  |TAMS 0x0000000701400000, 0x0000000701400000| Untracked 
|   2|0x0000000701600000, 0x0000000701600000, 0x0000000701800000|  0%| F|  |TAMS 0x0000000701600000, 0x0000000701600000| Untracked 
|   3|0x0000000701800000, 0x0000000701800000, 0x0000000701a00000|  0%| F|  |TAMS 0x0000000701800000, 0x0000000701800000| Untracked 
|   4|0x0000000701a00000, 0x0000000701a00000, 0x0000000701c00000|  0%| F|  |TAMS 0x0000000701a00000, 0x0000000701a00000| Untracked 
|   5|0x0000000701c00000, 0x0000000701c00000, 0x0000000701e00000|  0%| F|  |TAMS 0x0000000701c00000, 0x0000000701c00000| Untracked 
|   6|0x0000000701e00000, 0x0000000701e00000, 0x0000000702000000|  0%| F|  |TAMS 0x0000000701e00000, 0x0000000701e00000| Untracked 
|   7|0x0000000702000000, 0x0000000702000000, 0x0000000702200000|  0%| F|  |TAMS 0x0000000702000000, 0x0000000702000000| Untracked 
|   8|0x0000000702200000, 0x0000000702200000, 0x0000000702400000|  0%| F|  |TAMS 0x0000000702200000, 0x0000000702200000| Untracked 
|   9|0x0000000702400000, 0x0000000702400000, 0x0000000702600000|  0%| F|  |TAMS 0x0000000702400000, 0x0000000702400000| Untracked 
|  10|0x0000000702600000, 0x0000000702600000, 0x0000000702800000|  0%| F|  |TAMS 0x0000000702600000, 0x0000000702600000| Untracked 
|  11|0x0000000702800000, 0x0000000702800000, 0x0000000702a00000|  0%| F|  |TAMS 0x0000000702800000, 0x0000000702800000| Untracked 
|  12|0x0000000702a00000, 0x0000000702a00000, 0x0000000702c00000|  0%| F|  |TAMS 0x0000000702a00000, 0x0000000702a00000| Untracked 
|  13|0x0000000702c00000, 0x0000000702c00000, 0x0000000702e00000|  0%| F|  |TAMS 0x0000000702c00000, 0x0000000702c00000| Untracked 
|  14|0x0000000702e00000, 0x0000000702e00000, 0x0000000703000000|  0%| F|  |TAMS 0x0000000702e00000, 0x0000000702e00000| Untracked 
|  15|0x0000000703000000, 0x0000000703000000, 0x0000000703200000|  0%| F|  |TAMS 0x0000000703000000, 0x0000000703000000| Untracked 
|  16|0x0000000703200000, 0x0000000703200000, 0x0000000703400000|  0%| F|  |TAMS 0x0000000703200000, 0x0000000703200000| Untracked 
|  17|0x0000000703400000, 0x0000000703400000, 0x0000000703600000|  0%| F|  |TAMS 0x0000000703400000, 0x0000000703400000| Untracked 
|  18|0x0000000703600000, 0x0000000703600000, 0x0000000703800000|  0%| F|  |TAMS 0x0000000703600000, 0x0000000703600000| Untracked 
|  19|0x0000000703800000, 0x0000000703800000, 0x0000000703a00000|  0%| F|  |TAMS 0x0000000703800000, 0x0000000703800000| Untracked 
|  20|0x0000000703a00000, 0x0000000703a00000, 0x0000000703c00000|  0%| F|  |TAMS 0x0000000703a00000, 0x0000000703a00000| Untracked 
|  21|0x0000000703c00000, 0x0000000703c00000, 0x0000000703e00000|  0%| F|  |TAMS 0x0000000703c00000, 0x0000000703c00000| Untracked 
|  22|0x0000000703e00000, 0x0000000703e00000, 0x0000000704000000|  0%| F|  |TAMS 0x0000000703e00000, 0x0000000703e00000| Untracked 
|  23|0x0000000704000000, 0x0000000704000000, 0x0000000704200000|  0%| F|  |TAMS 0x0000000704000000, 0x0000000704000000| Untracked 
|  24|0x0000000704200000, 0x0000000704200000, 0x0000000704400000|  0%| F|  |TAMS 0x0000000704200000, 0x0000000704200000| Untracked 
|  25|0x0000000704400000, 0x0000000704400000, 0x0000000704600000|  0%| F|  |TAMS 0x0000000704400000, 0x0000000704400000| Untracked 
|  26|0x0000000704600000, 0x0000000704600000, 0x0000000704800000|  0%| F|  |TAMS 0x0000000704600000, 0x0000000704600000| Untracked 
|  27|0x0000000704800000, 0x0000000704800000, 0x0000000704a00000|  0%| F|  |TAMS 0x0000000704800000, 0x0000000704800000| Untracked 
|  28|0x0000000704a00000, 0x0000000704a00000, 0x0000000704c00000|  0%| F|  |TAMS 0x0000000704a00000, 0x0000000704a00000| Untracked 
|  29|0x0000000704c00000, 0x0000000704c00000, 0x0000000704e00000|  0%| F|  |TAMS 0x0000000704c00000, 0x0000000704c00000| Untracked 
|  30|0x0000000704e00000, 0x0000000704e00000, 0x0000000705000000|  0%| F|  |TAMS 0x0000000704e00000, 0x0000000704e00000| Untracked 
|  31|0x0000000705000000, 0x0000000705000000, 0x0000000705200000|  0%| F|  |TAMS 0x0000000705000000, 0x0000000705000000| Untracked 
|  32|0x0000000705200000, 0x0000000705200000, 0x0000000705400000|  0%| F|  |TAMS 0x0000000705200000, 0x0000000705200000| Untracked 
|  33|0x0000000705400000, 0x0000000705400000, 0x0000000705600000|  0%| F|  |TAMS 0x0000000705400000, 0x0000000705400000| Untracked 
|  34|0x0000000705600000, 0x0000000705600000, 0x0000000705800000|  0%| F|  |TAMS 0x0000000705600000, 0x0000000705600000| Untracked 
|  35|0x0000000705800000, 0x0000000705800000, 0x0000000705a00000|  0%| F|  |TAMS 0x0000000705800000, 0x0000000705800000| Untracked 
|  36|0x0000000705a00000, 0x0000000705a00000, 0x0000000705c00000|  0%| F|  |TAMS 0x0000000705a00000, 0x0000000705a00000| Untracked 
|  37|0x0000000705c00000, 0x0000000705c00000, 0x0000000705e00000|  0%| F|  |TAMS 0x0000000705c00000, 0x0000000705c00000| Untracked 
|  38|0x0000000705e00000, 0x0000000705e00000, 0x0000000706000000|  0%| F|  |TAMS 0x0000000705e00000, 0x0000000705e00000| Untracked 
|  39|0x0000000706000000, 0x0000000706000000, 0x0000000706200000|  0%| F|  |TAMS 0x0000000706000000, 0x0000000706000000| Untracked 
|  40|0x0000000706200000, 0x0000000706200000, 0x0000000706400000|  0%| F|  |TAMS 0x0000000706200000, 0x0000000706200000| Untracked 
|  41|0x0000000706400000, 0x0000000706400000, 0x0000000706600000|  0%| F|  |TAMS 0x0000000706400000, 0x0000000706400000| Untracked 
|  42|0x0000000706600000, 0x0000000706600000, 0x0000000706800000|  0%| F|  |TAMS 0x0000000706600000, 0x0000000706600000| Untracked 
|  43|0x0000000706800000, 0x0000000706800000, 0x0000000706a00000|  0%| F|  |TAMS 0x0000000706800000, 0x0000000706800000| Untracked 
|  44|0x0000000706a00000, 0x0000000706a00000, 0x0000000706c00000|  0%| F|  |TAMS 0x0000000706a00000, 0x0000000706a00000| Untracked 
|  45|0x0000000706c00000, 0x0000000706c00000, 0x0000000706e00000|  0%| F|  |TAMS 0x0000000706c00000, 0x0000000706c00000| Untracked 
|  46|0x0000000706e00000, 0x0000000706e00000, 0x0000000707000000|  0%| F|  |TAMS 0x0000000706e00000, 0x0000000706e00000| Untracked 
|  47|0x0000000707000000, 0x0000000707000000, 0x0000000707200000|  0%| F|  |TAMS 0x0000000707000000, 0x0000000707000000| Untracked 
|  48|0x0000000707200000, 0x0000000707200000, 0x0000000707400000|  0%| F|  |TAMS 0x0000000707200000, 0x0000000707200000| Untracked 
|  49|0x0000000707400000, 0x0000000707400000, 0x0000000707600000|  0%| F|  |TAMS 0x0000000707400000, 0x0000000707400000| Untracked 
|  50|0x0000000707600000, 0x0000000707600000, 0x0000000707800000|  0%| F|  |TAMS 0x0000000707600000, 0x0000000707600000| Untracked 
|  51|0x0000000707800000, 0x0000000707800000, 0x0000000707a00000|  0%| F|  |TAMS 0x0000000707800000, 0x0000000707800000| Untracked 
|  52|0x0000000707a00000, 0x0000000707a00000, 0x0000000707c00000|  0%| F|  |TAMS 0x0000000707a00000, 0x0000000707a00000| Untracked 
|  53|0x0000000707c00000, 0x0000000707c00000, 0x0000000707e00000|  0%| F|  |TAMS 0x0000000707c00000, 0x0000000707c00000| Untracked 
|  54|0x0000000707e00000, 0x0000000707e00000, 0x0000000708000000|  0%| F|  |TAMS 0x0000000707e00000, 0x0000000707e00000| Untracked 
|  55|0x0000000708000000, 0x0000000708000000, 0x0000000708200000|  0%| F|  |TAMS 0x0000000708000000, 0x0000000708000000| Untracked 
|  56|0x0000000708200000, 0x0000000708200000, 0x0000000708400000|  0%| F|  |TAMS 0x0000000708200000, 0x0000000708200000| Untracked 
|  57|0x0000000708400000, 0x0000000708400000, 0x0000000708600000|  0%| F|  |TAMS 0x0000000708400000, 0x0000000708400000| Untracked 
|  58|0x0000000708600000, 0x0000000708600000, 0x0000000708800000|  0%| F|  |TAMS 0x0000000708600000, 0x0000000708600000| Untracked 
|  59|0x0000000708800000, 0x0000000708800000, 0x0000000708a00000|  0%| F|  |TAMS 0x0000000708800000, 0x0000000708800000| Untracked 
|  60|0x0000000708a00000, 0x0000000708a00000, 0x0000000708c00000|  0%| F|  |TAMS 0x0000000708a00000, 0x0000000708a00000| Untracked 
|  61|0x0000000708c00000, 0x0000000708c00000, 0x0000000708e00000|  0%| F|  |TAMS 0x0000000708c00000, 0x0000000708c00000| Untracked 
|  62|0x0000000708e00000, 0x0000000708e00000, 0x0000000709000000|  0%| F|  |TAMS 0x0000000708e00000, 0x0000000708e00000| Untracked 
|  63|0x0000000709000000, 0x0000000709000000, 0x0000000709200000|  0%| F|  |TAMS 0x0000000709000000, 0x0000000709000000| Untracked 
|  64|0x0000000709200000, 0x0000000709200000, 0x0000000709400000|  0%| F|  |TAMS 0x0000000709200000, 0x0000000709200000| Untracked 
|  65|0x0000000709400000, 0x0000000709400000, 0x0000000709600000|  0%| F|  |TAMS 0x0000000709400000, 0x0000000709400000| Untracked 
|  66|0x0000000709600000, 0x0000000709600000, 0x0000000709800000|  0%| F|  |TAMS 0x0000000709600000, 0x0000000709600000| Untracked 
|  67|0x0000000709800000, 0x0000000709800000, 0x0000000709a00000|  0%| F|  |TAMS 0x0000000709800000, 0x0000000709800000| Untracked 
|  68|0x0000000709a00000, 0x0000000709a00000, 0x0000000709c00000|  0%| F|  |TAMS 0x0000000709a00000, 0x0000000709a00000| Untracked 
|  69|0x0000000709c00000, 0x0000000709c00000, 0x0000000709e00000|  0%| F|  |TAMS 0x0000000709c00000, 0x0000000709c00000| Untracked 
|  70|0x0000000709e00000, 0x0000000709e00000, 0x000000070a000000|  0%| F|  |TAMS 0x0000000709e00000, 0x0000000709e00000| Untracked 
|  71|0x000000070a000000, 0x000000070a000000, 0x000000070a200000|  0%| F|  |TAMS 0x000000070a000000, 0x000000070a000000| Untracked 
|  72|0x000000070a200000, 0x000000070a200000, 0x000000070a400000|  0%| F|  |TAMS 0x000000070a200000, 0x000000070a200000| Untracked 
|  73|0x000000070a400000, 0x000000070a400000, 0x000000070a600000|  0%| F|  |TAMS 0x000000070a400000, 0x000000070a400000| Untracked 
|  74|0x000000070a600000, 0x000000070a600000, 0x000000070a800000|  0%| F|  |TAMS 0x000000070a600000, 0x000000070a600000| Untracked 
|  75|0x000000070a800000, 0x000000070a800000, 0x000000070aa00000|  0%| F|  |TAMS 0x000000070a800000, 0x000000070a800000| Untracked 
|  76|0x000000070aa00000, 0x000000070aa00000, 0x000000070ac00000|  0%| F|  |TAMS 0x000000070aa00000, 0x000000070aa00000| Untracked 
|  77|0x000000070ac00000, 0x000000070ac00000, 0x000000070ae00000|  0%| F|  |TAMS 0x000000070ac00000, 0x000000070ac00000| Untracked 
|  78|0x000000070ae00000, 0x000000070ae00000, 0x000000070b000000|  0%| F|  |TAMS 0x000000070ae00000, 0x000000070ae00000| Untracked 
|  79|0x000000070b000000, 0x000000070b000000, 0x000000070b200000|  0%| F|  |TAMS 0x000000070b000000, 0x000000070b000000| Untracked 
|  80|0x000000070b200000, 0x000000070b200000, 0x000000070b400000|  0%| F|  |TAMS 0x000000070b200000, 0x000000070b200000| Untracked 
|  81|0x000000070b400000, 0x000000070b400000, 0x000000070b600000|  0%| F|  |TAMS 0x000000070b400000, 0x000000070b400000| Untracked 
|  82|0x000000070b600000, 0x000000070b600000, 0x000000070b800000|  0%| F|  |TAMS 0x000000070b600000, 0x000000070b600000| Untracked 
|  83|0x000000070b800000, 0x000000070b800000, 0x000000070ba00000|  0%| F|  |TAMS 0x000000070b800000, 0x000000070b800000| Untracked 
|  84|0x000000070ba00000, 0x000000070ba00000, 0x000000070bc00000|  0%| F|  |TAMS 0x000000070ba00000, 0x000000070ba00000| Untracked 
|  85|0x000000070bc00000, 0x000000070bc00000, 0x000000070be00000|  0%| F|  |TAMS 0x000000070bc00000, 0x000000070bc00000| Untracked 
|  86|0x000000070be00000, 0x000000070be00000, 0x000000070c000000|  0%| F|  |TAMS 0x000000070be00000, 0x000000070be00000| Untracked 
|  87|0x000000070c000000, 0x000000070c000000, 0x000000070c200000|  0%| F|  |TAMS 0x000000070c000000, 0x000000070c000000| Untracked 
|  88|0x000000070c200000, 0x000000070c200000, 0x000000070c400000|  0%| F|  |TAMS 0x000000070c200000, 0x000000070c200000| Untracked 
|  89|0x000000070c400000, 0x000000070c400000, 0x000000070c600000|  0%| F|  |TAMS 0x000000070c400000, 0x000000070c400000| Untracked 
|  90|0x000000070c600000, 0x000000070c600000, 0x000000070c800000|  0%| F|  |TAMS 0x000000070c600000, 0x000000070c600000| Untracked 
|  91|0x000000070c800000, 0x000000070c800000, 0x000000070ca00000|  0%| F|  |TAMS 0x000000070c800000, 0x000000070c800000| Untracked 
|  92|0x000000070ca00000, 0x000000070ca00000, 0x000000070cc00000|  0%| F|  |TAMS 0x000000070ca00000, 0x000000070ca00000| Untracked 
|  93|0x000000070cc00000, 0x000000070cc00000, 0x000000070ce00000|  0%| F|  |TAMS 0x000000070cc00000, 0x000000070cc00000| Untracked 
|  94|0x000000070ce00000, 0x000000070ce00000, 0x000000070d000000|  0%| F|  |TAMS 0x000000070ce00000, 0x000000070ce00000| Untracked 
|  95|0x000000070d000000, 0x000000070d000000, 0x000000070d200000|  0%| F|  |TAMS 0x000000070d000000, 0x000000070d000000| Untracked 
|  96|0x000000070d200000, 0x000000070d200000, 0x000000070d400000|  0%| F|  |TAMS 0x000000070d200000, 0x000000070d200000| Untracked 
|  97|0x000000070d400000, 0x000000070d400000, 0x000000070d600000|  0%| F|  |TAMS 0x000000070d400000, 0x000000070d400000| Untracked 
|  98|0x000000070d600000, 0x000000070d600000, 0x000000070d800000|  0%| F|  |TAMS 0x000000070d600000, 0x000000070d600000| Untracked 
|  99|0x000000070d800000, 0x000000070d800000, 0x000000070da00000|  0%| F|  |TAMS 0x000000070d800000, 0x000000070d800000| Untracked 
| 100|0x000000070da00000, 0x000000070da00000, 0x000000070dc00000|  0%| F|  |TAMS 0x000000070da00000, 0x000000070da00000| Untracked 
| 101|0x000000070dc00000, 0x000000070dc00000, 0x000000070de00000|  0%| F|  |TAMS 0x000000070dc00000, 0x000000070dc00000| Untracked 
| 102|0x000000070de00000, 0x000000070de00000, 0x000000070e000000|  0%| F|  |TAMS 0x000000070de00000, 0x000000070de00000| Untracked 
| 103|0x000000070e000000, 0x000000070e000000, 0x000000070e200000|  0%| F|  |TAMS 0x000000070e000000, 0x000000070e000000| Untracked 
| 104|0x000000070e200000, 0x000000070e200000, 0x000000070e400000|  0%| F|  |TAMS 0x000000070e200000, 0x000000070e200000| Untracked 
| 105|0x000000070e400000, 0x000000070e400000, 0x000000070e600000|  0%| F|  |TAMS 0x000000070e400000, 0x000000070e400000| Untracked 
| 106|0x000000070e600000, 0x000000070e600000, 0x000000070e800000|  0%| F|  |TAMS 0x000000070e600000, 0x000000070e600000| Untracked 
| 107|0x000000070e800000, 0x000000070e800000, 0x000000070ea00000|  0%| F|  |TAMS 0x000000070e800000, 0x000000070e800000| Untracked 
| 108|0x000000070ea00000, 0x000000070ea00000, 0x000000070ec00000|  0%| F|  |TAMS 0x000000070ea00000, 0x000000070ea00000| Untracked 
| 109|0x000000070ec00000, 0x000000070ec00000, 0x000000070ee00000|  0%| F|  |TAMS 0x000000070ec00000, 0x000000070ec00000| Untracked 
| 110|0x000000070ee00000, 0x000000070ee00000, 0x000000070f000000|  0%| F|  |TAMS 0x000000070ee00000, 0x000000070ee00000| Untracked 
| 111|0x000000070f000000, 0x000000070f000000, 0x000000070f200000|  0%| F|  |TAMS 0x000000070f000000, 0x000000070f000000| Untracked 
| 112|0x000000070f200000, 0x000000070f200000, 0x000000070f400000|  0%| F|  |TAMS 0x000000070f200000, 0x000000070f200000| Untracked 
| 113|0x000000070f400000, 0x000000070f400000, 0x000000070f600000|  0%| F|  |TAMS 0x000000070f400000, 0x000000070f400000| Untracked 
| 114|0x000000070f600000, 0x000000070f600000, 0x000000070f800000|  0%| F|  |TAMS 0x000000070f600000, 0x000000070f600000| Untracked 
| 115|0x000000070f800000, 0x000000070fa00000, 0x000000070fa00000|100%| S|CS|TAMS 0x000000070f800000, 0x000000070f800000| Complete 
| 116|0x000000070fa00000, 0x000000070fc00000, 0x000000070fc00000|100%| S|CS|TAMS 0x000000070fa00000, 0x000000070fa00000| Complete 
| 117|0x000000070fc00000, 0x000000070fc00000, 0x000000070fe00000|  0%| F|  |TAMS 0x000000070fc00000, 0x000000070fc00000| Untracked 
| 118|0x000000070fe00000, 0x000000070fe00000, 0x0000000710000000|  0%| F|  |TAMS 0x000000070fe00000, 0x000000070fe00000| Untracked 
| 119|0x0000000710000000, 0x0000000710000000, 0x0000000710200000|  0%| F|  |TAMS 0x0000000710000000, 0x0000000710000000| Untracked 
| 120|0x0000000710200000, 0x0000000710200000, 0x0000000710400000|  0%| F|  |TAMS 0x0000000710200000, 0x0000000710200000| Untracked 
| 121|0x0000000710400000, 0x0000000710400000, 0x0000000710600000|  0%| F|  |TAMS 0x0000000710400000, 0x0000000710400000| Untracked 
| 122|0x0000000710600000, 0x0000000710600000, 0x0000000710800000|  0%| F|  |TAMS 0x0000000710600000, 0x0000000710600000| Untracked 
| 123|0x0000000710800000, 0x0000000710800000, 0x0000000710a00000|  0%| F|  |TAMS 0x0000000710800000, 0x0000000710800000| Untracked 
| 124|0x0000000710a00000, 0x0000000710a00000, 0x0000000710c00000|  0%| F|  |TAMS 0x0000000710a00000, 0x0000000710a00000| Untracked 
| 125|0x0000000710c00000, 0x0000000710c00000, 0x0000000710e00000|  0%| F|  |TAMS 0x0000000710c00000, 0x0000000710c00000| Untracked 
| 126|0x0000000710e00000, 0x0000000710e00000, 0x0000000711000000|  0%| F|  |TAMS 0x0000000710e00000, 0x0000000710e00000| Untracked 
| 127|0x0000000711000000, 0x00000007110f05f0, 0x0000000711200000| 46%| E|  |TAMS 0x0000000711000000, 0x0000000711000000| Complete 

Card table byte_map: [0x000001b245d90000,0x000001b246590000] _byte_map_base: 0x000001b242587000

Marking Bits (Prev, Next): (CMBitMap*) 0x000001b22b9de020, (CMBitMap*) 0x000001b22b9de060
 Prev Bits: [0x000001b246d90000, 0x000001b24ad48000)
 Next Bits: [0x000001b24ad50000, 0x000001b24ed08000)

Polling page: 0x000001b22ba60000

Metaspace:

Usage:
  Non-class:      6.37 MB used.
      Class:    874.98 KB used.
       Both:      7.22 MB used.

Virtual space:
  Non-class space:        8.00 MB reserved,       6.44 MB ( 80%) committed,  1 nodes.
      Class space:        1.00 GB reserved,     960.00 KB ( <1%) committed,  1 nodes.
              Both:        1.01 GB reserved,       7.38 MB ( <1%) committed. 

Chunk freelists:
   Non-Class:  1.02 MB
       Class:  2.97 MB
        Both:  3.98 MB

MaxMetaspaceSize: 17179869184.00 GB
CompressedClassSpaceSize: 1.00 GB
 - commit_granule_bytes: 65536.
 - commit_granule_words: 8192.
 - virtual_space_node_default_size: 1048576.
 - enlarge_chunks_in_place: 1.
 - new_chunks_are_fully_committed: 0.
 - uncommit_free_chunks: 1.
 - use_allocation_guard: 0.
 - handle_deallocations: 1.


Internal statistics:

num_allocs_failed_limit: 0.
num_arena_births: 132.
num_arena_deaths: 0.
num_vsnodes_births: 2.
num_vsnodes_deaths: 0.
num_space_committed: 118.
num_space_uncommitted: 0.
num_chunks_returned_to_freelist: 0.
num_chunks_taken_from_freelist: 251.
num_chunk_merges: 0.
num_chunk_splits: 168.
num_chunks_enlarged: 117.
num_purges: 0.

CodeHeap 'non-profiled nmethods': size=238336Kb used=1840Kb max_used=1840Kb free=236495Kb
 bounds [0x000001b236270000, 0x000001b2364e0000, 0x000001b244b30000]
CodeHeap 'non-nmethods': size=7424Kb used=1182Kb max_used=1182Kb free=6241Kb
 bounds [0x000001b235b30000, 0x000001b235da0000, 0x000001b236270000]
 total_blobs=1741 nmethods=1262 adapters=407
 compilation: enabled
              stopped_count=0, restarted_count=0
 full_count=0

Compilation events (20 events):
Event: 0.974 Thread 0x000001b251808cb0 nmethod 1247 0x000001b236430f90 code [0x000001b236431200, 0x000001b236431e88]
Event: 0.975 Thread 0x000001b251808cb0 1239       1       java.lang.ClassLoader::checkCerts (121 bytes)
Event: 0.975 Thread 0x000001b251808cb0 nmethod 1239 0x000001b236432610 code [0x000001b236432860, 0x000001b236432e88]
Event: 0.975 Thread 0x000001b251808cb0 1240       1       java.lang.ClassLoader::defineClassSourceLocation (28 bytes)
Event: 0.976 Thread 0x000001b251808cb0 nmethod 1240 0x000001b236433210 code [0x000001b2364333c0, 0x000001b236433508]
Event: 0.976 Thread 0x000001b251808cb0 1242       1       java.lang.ClassLoader::getNamedPackage (73 bytes)
Event: 0.976 Thread 0x000001b251808cb0 nmethod 1242 0x000001b236433610 code [0x000001b2364337e0, 0x000001b236433a68]
Event: 0.976 Thread 0x000001b251808cb0 1260       1       java.util.HashSet::add (20 bytes)
Event: 0.976 Thread 0x000001b251808cb0 nmethod 1260 0x000001b236433c10 code [0x000001b236433dc0, 0x000001b236433ec8]
Event: 0.976 Thread 0x000001b251808cb0 1243       1       jdk.internal.loader.ClassLoaders$AppClassLoader::defineOrCheckPackage (8 bytes)
Event: 0.976 Thread 0x000001b251808cb0 nmethod 1243 0x000001b236433f90 code [0x000001b236434120, 0x000001b236434208]
Event: 0.976 Thread 0x000001b251808cb0 1250       1       jdk.internal.loader.URLClassPath$JarLoader$2::getManifest (26 bytes)
Event: 0.977 Thread 0x000001b251808cb0 nmethod 1250 0x000001b236434290 code [0x000001b236434480, 0x000001b236434748]
Event: 0.977 Thread 0x000001b251808cb0 1251       1       java.util.jar.JavaUtilJarAccessImpl::ensureInitialization (5 bytes)
Event: 0.977 Thread 0x000001b251808cb0 nmethod 1251 0x000001b236434990 code [0x000001b236434b40, 0x000001b236434c28]
Event: 0.977 Thread 0x000001b251808cb0 1252  s!   1       java.util.jar.JarFile::ensureInitialization (74 bytes)
Event: 0.977 Thread 0x000001b251808cb0 nmethod 1252 0x000001b236434d10 code [0x000001b236434f60, 0x000001b2364356a8]
Event: 0.977 Thread 0x000001b251808cb0 1244   !   1       jdk.internal.loader.BuiltinClassLoader::defineOrCheckPackage (94 bytes)
Event: 0.983 Thread 0x000001b251808cb0 nmethod 1244 0x000001b236435a10 code [0x000001b236435c40, 0x000001b236436218]
Event: 0.983 Thread 0x000001b251808cb0 1245       1       jdk.internal.loader.BuiltinClassLoader::getAndVerifyPackage (113 bytes)

GC Heap History (2 events):
Event: 0.978 GC heap before
{Heap before GC invocations=0 (full 0):
 garbage-first heap   total 262144K, used 22528K [0x0000000701200000, 0x0000000800000000)
  region size 2048K, 11 young (22528K), 0 survivors (0K)
 Metaspace       used 7360K, committed 7552K, reserved 1056768K
  class space    used 870K, committed 960K, reserved 1048576K
}
Event: 0.983 GC heap after
{Heap after GC invocations=1 (full 0):
 garbage-first heap   total 262144K, used 5470K [0x0000000701200000, 0x0000000800000000)
  region size 2048K, 2 young (4096K), 2 survivors (4096K)
 Metaspace       used 7360K, committed 7552K, reserved 1056768K
  class space    used 870K, committed 960K, reserved 1048576K
}

Deoptimization events (0 events):
No events

Classes unloaded (0 events):
No events

Classes redefined (0 events):
No events

Internal exceptions (20 events):
Event: 0.361 Thread 0x000001b25273a750 Exception <a 'java/lang/NoSuchMethodError'{0x0000000710dfe3f8}: 'java.lang.Object java.lang.invoke.DirectMethodHandle$Holder.invokeStaticInit(java.lang.Object)'> (0x0000000710dfe3f8) 
thrown [c:\wsjdk\correttojdksrc\installers\windows\zip\corretto-build\buildroot\src\hotspot\share\interpreter\linkResolver.cpp, line 790]
Event: 0.372 Thread 0x000001b22b98f130 Exception <a 'java/lang/NoSuchMethodError'{0x0000000710da0db0}: 'java.lang.Object java.lang.invoke.Invokers$Holder.invoke_MT(java.lang.Object, java.lang.Object, java.lang.Object)'> (0x0000000710da0db0) 
thrown [c:\wsjdk\correttojdksrc\installers\windows\zip\corretto-build\buildroot\src\hotspot\share\interpreter\linkResolver.cpp, line 790]
Event: 0.374 Thread 0x000001b25273a750 Exception <a 'java/lang/NoSuchMethodError'{0x0000000710a0c368}: 'void java.lang.invoke.DirectMethodHandle$Holder.invokeStatic(java.lang.Object, java.lang.Object)'> (0x0000000710a0c368) 
thrown [c:\wsjdk\correttojdksrc\installers\windows\zip\corretto-build\buildroot\src\hotspot\share\interpreter\linkResolver.cpp, line 790]
Event: 0.434 Thread 0x000001b22b98f130 Exception <a 'java/lang/NoSuchMethodError'{0x0000000710de0e50}: 'java.lang.Object java.lang.invoke.DirectMethodHandle$Holder.invokeInterface(java.lang.Object, java.lang.Object)'> (0x0000000710de0e50) 
thrown [c:\wsjdk\correttojdksrc\installers\windows\zip\corretto-build\buildroot\src\hotspot\share\interpreter\linkResolver.cpp, line 790]
Event: 0.437 Thread 0x000001b22b98f130 Exception <a 'java/lang/NoSuchMethodError'{0x0000000710de9260}: 'java.lang.Object java.lang.invoke.DirectMethodHandle$Holder.invokeStaticInit(java.lang.Object, java.lang.Object, java.lang.Object)'> (0x0000000710de9260) 
thrown [c:\wsjdk\correttojdksrc\installers\windows\zip\corretto-build\buildroot\src\hotspot\share\interpreter\linkResolver.cpp, line 790]
Event: 0.442 Thread 0x000001b22b98f130 Exception <a 'java/lang/NoSuchMethodError'{0x0000000710a85e20}: 'int java.lang.invoke.DirectMethodHandle$Holder.invokeInterface(java.lang.Object, java.lang.Object)'> (0x0000000710a85e20) 
thrown [c:\wsjdk\correttojdksrc\installers\windows\zip\corretto-build\buildroot\src\hotspot\share\interpreter\linkResolver.cpp, line 790]
Event: 0.442 Thread 0x000001b22b98f130 Exception <a 'java/lang/IncompatibleClassChangeError'{0x0000000710a89618}: Found class java.lang.Object, but interface was expected> (0x0000000710a89618) 
thrown [c:\wsjdk\correttojdksrc\installers\windows\zip\corretto-build\buildroot\src\hotspot\share\interpreter\linkResolver.cpp, line 857]
Event: 0.521 Thread 0x000001b22b98f130 Exception <a 'java/lang/NoSuchMethodError'{0x0000000710b56830}: 'int java.lang.invoke.DirectMethodHandle$Holder.invokeSpecial(java.lang.Object, java.lang.Object, java.lang.Object)'> (0x0000000710b56830) 
thrown [c:\wsjdk\correttojdksrc\installers\windows\zip\corretto-build\buildroot\src\hotspot\share\interpreter\linkResolver.cpp, line 790]
Event: 0.550 Thread 0x000001b22b98f130 Exception <a 'java/lang/NoSuchMethodError'{0x000000071081cbb0}: 'void java.lang.invoke.DirectMethodHandle$Holder.invokeStatic(java.lang.Object, java.lang.Object, java.lang.Object)'> (0x000000071081cbb0) 
thrown [c:\wsjdk\correttojdksrc\installers\windows\zip\corretto-build\buildroot\src\hotspot\share\interpreter\linkResolver.cpp, line 790]
Event: 0.561 Thread 0x000001b22b98f130 Exception <a 'java/lang/NoSuchMethodError'{0x00000007108617a0}: 'int java.lang.invoke.DirectMethodHandle$Holder.invokeSpecialIFC(java.lang.Object, java.lang.Object, java.lang.Object)'> (0x00000007108617a0) 
thrown [c:\wsjdk\correttojdksrc\installers\windows\zip\corretto-build\buildroot\src\hotspot\share\interpreter\linkResolver.cpp, line 790]
Event: 0.586 Thread 0x000001b22b98f130 Exception <a 'java/lang/NoSuchMethodError'{0x00000007108d8628}: 'java.lang.Object java.lang.invoke.DirectMethodHandle$Holder.invokeStaticInit(java.lang.Object, int, int, int, int)'> (0x00000007108d8628) 
thrown [c:\wsjdk\correttojdksrc\installers\windows\zip\corretto-build\buildroot\src\hotspot\share\interpreter\linkResolver.cpp, line 790]
Event: 0.683 Thread 0x000001b22b98f130 Exception <a 'java/lang/NoSuchMethodError'{0x000000071091aad0}: 'java.lang.Object java.lang.invoke.DirectMethodHandle$Holder.invokeStaticInit(java.lang.Object, java.lang.Object, int, int, int, int)'> (0x000000071091aad0) 
thrown [c:\wsjdk\correttojdksrc\installers\windows\zip\corretto-build\buildroot\src\hotspot\share\interpreter\linkResolver.cpp, line 790]
Event: 0.698 Thread 0x000001b22b98f130 Exception <a 'java/lang/ClassNotFoundException'{0x00000007109393d8}: javax/management/remote/rmi/RMIServerImpl_Skel> (0x00000007109393d8) 
thrown [c:\wsjdk\correttojdksrc\installers\windows\zip\corretto-build\buildroot\src\hotspot\share\classfile\systemDictionary.cpp, line 256]
Event: 0.738 Thread 0x000001b22b98f130 Exception <a 'java/lang/ClassNotFoundException'{0x00000007107368c8}: javax/smartcardio/CardPermission> (0x00000007107368c8) 
thrown [c:\wsjdk\correttojdksrc\installers\windows\zip\corretto-build\buildroot\src\hotspot\share\classfile\systemDictionary.cpp, line 256]
Event: 0.740 Thread 0x000001b22b98f130 Exception <a 'java/io/FileNotFoundException'{0x0000000710745730}> (0x0000000710745730) 
thrown [c:\wsjdk\correttojdksrc\installers\windows\zip\corretto-build\buildroot\src\hotspot\share\prims\jni.cpp, line 579]
Event: 0.824 Thread 0x000001b22b98f130 Exception <a 'java/lang/NoSuchMethodError'{0x00000007103812d0}: 'java.lang.Object java.lang.invoke.DirectMethodHandle$Holder.invokeSpecialIFC(java.lang.Object, java.lang.Object, java.lang.Object, java.lang.Object)'> (0x00000007103812d0) 
thrown [c:\wsjdk\correttojdksrc\installers\windows\zip\corretto-build\buildroot\src\hotspot\share\interpreter\linkResolver.cpp, line 790]
Event: 0.835 Thread 0x000001b22b98f130 Exception <a 'java/lang/NoSuchMethodError'{0x000000071001f338}: 'int java.lang.invoke.DirectMethodHandle$Holder.invokeStaticInit(java.lang.Object, java.lang.Object)'> (0x000000071001f338) 
thrown [c:\wsjdk\correttojdksrc\installers\windows\zip\corretto-build\buildroot\src\hotspot\share\interpreter\linkResolver.cpp, line 790]
Event: 0.880 Thread 0x000001b22b98f130 Exception <a 'java/lang/NoSuchMethodError'{0x00000007101df138}: 'int java.lang.invoke.DirectMethodHandle$Holder.invokeStaticInit(java.lang.Object, java.lang.Object, java.lang.Object)'> (0x00000007101df138) 
thrown [c:\wsjdk\correttojdksrc\installers\windows\zip\corretto-build\buildroot\src\hotspot\share\interpreter\linkResolver.cpp, line 790]
Event: 0.887 Thread 0x000001b22b98f130 Exception <a 'java/lang/NoSuchMethodError'{0x000000070fe37ec0}: 'java.lang.Object java.lang.invoke.DirectMethodHandle$Holder.newInvokeSpecial(java.lang.Object, java.lang.Object, java.lang.Object, java.lang.Object, java.lang.Object)'> (0x000000070fe37ec0) 
thrown [c:\wsjdk\correttojdksrc\installers\windows\zip\corretto-build\buildroot\src\hotspot\share\interpreter\linkResolver.cpp, line 790]
Event: 0.932 Thread 0x000001b22b98f130 Exception <a 'java/io/FileNotFoundException'{0x000000070fc28aa0}> (0x000000070fc28aa0) 
thrown [c:\wsjdk\correttojdksrc\installers\windows\zip\corretto-build\buildroot\src\hotspot\share\prims\jni.cpp, line 579]

Events (20 events):
Event: 0.974 loading class sun/nio/cs/Surrogate done
Event: 0.974 loading class sun/util/locale/provider/TimeZoneNameUtility
Event: 0.974 loading class sun/util/locale/provider/TimeZoneNameUtility done
Event: 0.975 loading class sun/util/locale/provider/TimeZoneNameUtility$TimeZoneNameGetter
Event: 0.975 loading class sun/util/locale/provider/TimeZoneNameUtility$TimeZoneNameGetter done
Event: 0.975 loading class sun/util/cldr/CLDRTimeZoneNameProviderImpl
Event: 0.975 loading class sun/util/locale/provider/TimeZoneNameProviderImpl
Event: 0.975 loading class sun/util/locale/provider/TimeZoneNameProviderImpl done
Event: 0.975 loading class sun/util/cldr/CLDRTimeZoneNameProviderImpl done
Event: 0.977 loading class sun/util/locale/provider/BaseLocaleDataMetaInfo
Event: 0.977 loading class sun/util/locale/provider/BaseLocaleDataMetaInfo done
Event: 0.978 loading class sun/util/resources/cldr/TimeZoneNames
Event: 0.978 Executing  VM operation: G1CollectForAllocation
Event: 0.978 loading class sun/util/resources/TimeZoneNamesBundle
Event: 0.978 loading class sun/util/resources/OpenListResourceBundle
Event: 0.978 loading class sun/util/resources/OpenListResourceBundle done
Event: 0.978 loading class sun/util/resources/TimeZoneNamesBundle done
Event: 0.978 loading class sun/util/resources/cldr/TimeZoneNames done
Event: 0.983 Executing  VM operation: G1CollectForAllocation done
Event: 0.983 loading class sun/util/resources/cldr/TimeZoneNames_en


Dynamic libraries:
0x00007ff66b040000 - 0x00007ff66b04d000 	C:\Users\帅得惊动党中央\.jdks\corretto-16.0.2\bin\java.exe
0x00007ffdb7b30000 - 0x00007ffdb7d25000 	C:\WINDOWS\SYSTEM32\ntdll.dll
0x00007ffdb7400000 - 0x00007ffdb74be000 	C:\WINDOWS\System32\KERNEL32.DLL
0x00007ffdb5520000 - 0x00007ffdb57e8000 	C:\WINDOWS\System32\KERNELBASE.dll
0x00007ffdb23c0000 - 0x00007ffdb2450000 	C:\WINDOWS\SYSTEM32\apphelp.dll
0x00007ffdb5a90000 - 0x00007ffdb5b90000 	C:\WINDOWS\System32\ucrtbase.dll
0x00007ffdafd10000 - 0x00007ffdafd28000 	C:\Users\帅得惊动党中央\.jdks\corretto-16.0.2\bin\jli.dll
0x00007ffdafd30000 - 0x00007ffdafd45000 	C:\Users\帅得惊动党中央\.jdks\corretto-16.0.2\bin\VCRUNTIME140.dll
0x00007ffdb6120000 - 0x00007ffdb62c0000 	C:\WINDOWS\System32\USER32.dll
0x00007ffdb5860000 - 0x00007ffdb5882000 	C:\WINDOWS\System32\win32u.dll
0x00007ffdb7770000 - 0x00007ffdb779b000 	C:\WINDOWS\System32\GDI32.dll
0x00007ffdb52e0000 - 0x00007ffdb53eb000 	C:\WINDOWS\System32\gdi32full.dll
0x00007ffdb59f0000 - 0x00007ffdb5a8d000 	C:\WINDOWS\System32\msvcp_win.dll
0x00007ffd9bff0000 - 0x00007ffd9c28a000 	C:\WINDOWS\WinSxS\amd64_microsoft.windows.common-controls_6595b64144ccf1df_6.0.19041.1110_none_60b5254171f9507e\COMCTL32.dll
0x00007ffdb6380000 - 0x00007ffdb641e000 	C:\WINDOWS\System32\msvcrt.dll
0x00007ffdb7ac0000 - 0x00007ffdb7af0000 	C:\WINDOWS\System32\IMM32.DLL
0x00007ffd90ca0000 - 0x00007ffd90d3b000 	C:\Users\帅得惊动党中央\.jdks\corretto-16.0.2\bin\msvcp140.dll
0x00007ffd79a40000 - 0x00007ffd7a649000 	C:\Users\帅得惊动党中央\.jdks\corretto-16.0.2\bin\server\jvm.dll
0x00007ffdb6a10000 - 0x00007ffdb6abe000 	C:\WINDOWS\System32\ADVAPI32.dll
0x00007ffdb7670000 - 0x00007ffdb770c000 	C:\WINDOWS\System32\sechost.dll
0x00007ffdb78e0000 - 0x00007ffdb7a05000 	C:\WINDOWS\System32\RPCRT4.dll
0x00007ffdb7230000 - 0x00007ffdb7238000 	C:\WINDOWS\System32\PSAPI.DLL
0x00007ffd92030000 - 0x00007ffd92039000 	C:\WINDOWS\SYSTEM32\WSOCK32.dll
0x00007ffdb7250000 - 0x00007ffdb72bb000 	C:\WINDOWS\System32\WS2_32.dll
0x00007ffda8200000 - 0x00007ffda8227000 	C:\WINDOWS\SYSTEM32\WINMM.dll
0x00007ffdac490000 - 0x00007ffdac49a000 	C:\WINDOWS\SYSTEM32\VERSION.dll
0x00007ffdb3af0000 - 0x00007ffdb3b02000 	C:\WINDOWS\SYSTEM32\kernel.appcore.dll
0x00007ffdab1d0000 - 0x00007ffdab1da000 	C:\Users\帅得惊动党中央\.jdks\corretto-16.0.2\bin\jimage.dll
0x00007ffdb3810000 - 0x00007ffdb39f4000 	C:\WINDOWS\SYSTEM32\DBGHELP.DLL
0x00007ffda3ce0000 - 0x00007ffda3d0c000 	C:\WINDOWS\SYSTEM32\dbgcore.DLL
0x00007ffdb5250000 - 0x00007ffdb52d2000 	C:\WINDOWS\System32\bcryptPrimitives.dll
0x00007ffd92860000 - 0x00007ffd9286e000 	C:\Users\帅得惊动党中央\.jdks\corretto-16.0.2\bin\instrument.dll
0x00007ffdab1a0000 - 0x00007ffdab1c5000 	C:\Users\帅得惊动党中央\.jdks\corretto-16.0.2\bin\java.dll
0x00007ffdb6ac0000 - 0x00007ffdb7204000 	C:\WINDOWS\System32\SHELL32.dll
0x00007ffdb2fa0000 - 0x00007ffdb3734000 	C:\WINDOWS\SYSTEM32\windows.storage.dll
0x00007ffdb5cf0000 - 0x00007ffdb6044000 	C:\WINDOWS\System32\combase.dll
0x00007ffdb4be0000 - 0x00007ffdb4c0c000 	C:\WINDOWS\SYSTEM32\Wldp.dll
0x00007ffdb7a10000 - 0x00007ffdb7abd000 	C:\WINDOWS\System32\SHCORE.dll
0x00007ffdb62c0000 - 0x00007ffdb6315000 	C:\WINDOWS\System32\shlwapi.dll
0x00007ffdb5190000 - 0x00007ffdb51af000 	C:\WINDOWS\SYSTEM32\profapi.dll
0x00007ffd93b50000 - 0x00007ffd93b68000 	C:\Users\帅得惊动党中央\.jdks\corretto-16.0.2\bin\zip.dll
0x00007ffd98af0000 - 0x00007ffd98b09000 	C:\Users\帅得惊动党中央\.jdks\corretto-16.0.2\bin\net.dll
0x00007ffda7450000 - 0x00007ffda7559000 	C:\WINDOWS\SYSTEM32\WINHTTP.dll
0x00007ffdb4940000 - 0x00007ffdb49aa000 	C:\WINDOWS\system32\mswsock.dll
0x00007ffd942c0000 - 0x00007ffd942d3000 	C:\Users\帅得惊动党中央\.jdks\corretto-16.0.2\bin\nio.dll
0x00007ffd92120000 - 0x00007ffd9213a000 	D:\Program Files\IntelliJ IDEA 2021.1.2\bin\breakgen64.dll
0x00007ffd989d0000 - 0x00007ffd98add000 	C:\WINDOWS\SysWOW64\ierd_tgp_lsp64.dll
0x00007ffdb77b0000 - 0x00007ffdb78da000 	C:\WINDOWS\System32\ole32.dll
0x00007ffdb4670000 - 0x00007ffdb473a000 	C:\WINDOWS\SYSTEM32\DNSAPI.dll
0x00007ffdb4630000 - 0x00007ffdb466b000 	C:\WINDOWS\SYSTEM32\IPHLPAPI.DLL
0x00007ffdb77a0000 - 0x00007ffdb77a8000 	C:\WINDOWS\System32\NSI.dll
0x00007ffdab190000 - 0x00007ffdab19a000 	C:\Windows\System32\rasadhlp.dll
0x00007ffda6d10000 - 0x00007ffda6d8f000 	C:\WINDOWS\System32\fwpuclnt.dll
0x00007ffdb54a0000 - 0x00007ffdb54c7000 	C:\WINDOWS\System32\bcrypt.dll
0x00007ffd92200000 - 0x00007ffd92209000 	C:\Users\帅得惊动党中央\.jdks\corretto-16.0.2\bin\management.dll
0x00007ffd921f0000 - 0x00007ffd921fb000 	C:\Users\帅得惊动党中央\.jdks\corretto-16.0.2\bin\management_ext.dll
0x00007ffdb4b40000 - 0x00007ffdb4b58000 	C:\WINDOWS\SYSTEM32\CRYPTSP.dll
0x00007ffdb42c0000 - 0x00007ffdb42f4000 	C:\WINDOWS\system32\rsaenh.dll
0x00007ffdb5150000 - 0x00007ffdb517e000 	C:\WINDOWS\SYSTEM32\USERENV.dll
0x00007ffdb4b30000 - 0x00007ffdb4b3c000 	C:\WINDOWS\SYSTEM32\CRYPTBASE.dll
0x00007ffda9e80000 - 0x00007ffda9e97000 	C:\WINDOWS\SYSTEM32\dhcpcsvc6.DLL
0x00007ffda9e60000 - 0x00007ffda9e7d000 	C:\WINDOWS\SYSTEM32\dhcpcsvc.DLL
0x00007ffd8cb70000 - 0x00007ffd8cb87000 	C:\WINDOWS\system32\napinsp.dll
0x00007ffd8cb50000 - 0x00007ffd8cb6b000 	C:\WINDOWS\system32\pnrpnsp.dll
0x00007ffdaecf0000 - 0x00007ffdaed05000 	C:\WINDOWS\system32\wshbth.dll
0x00007ffdafef0000 - 0x00007ffdaff0d000 	C:\WINDOWS\system32\NLAapi.dll
0x00007ffd8ca10000 - 0x00007ffd8ca22000 	C:\WINDOWS\System32\winrnr.dll

dbghelp: loaded successfully - version: 4.0.5 - missing functions: none
symbol engine: initialized successfully - sym options: 0x614 - pdb path: .;C:\Users\帅得惊动党中央\.jdks\corretto-16.0.2\bin;C:\WINDOWS\SYSTEM32;C:\WINDOWS\WinSxS\amd64_microsoft.windows.common-controls_6595b64144ccf1df_6.0.19041.1110_none_60b5254171f9507e;C:\Users\帅得惊动党中央\.jdks\corretto-16.;C:\Users\帅得惊动党中央\.jdks\corre;C:\Users\帅得惊动党中央\.jdk;C:\Users\帅得惊动党中;C:\Users\帅得惊;C:\Users\帅得惊动党中央\.jdks\corretto-16.0.2\bin\server;D:\Program Files\In;D:\Program Files\In;D:\Program Files\In

VM Arguments:
jvm_args: -XX:TieredStopAtLevel=1 -Xverify:none -Dspring.output.ansi.enabled=always -javaagent:D:\Program Files\IntelliJ IDEA 2021.1.2\lib\idea_rt.jar=51993:D:\Program Files\IntelliJ IDEA 2021.1.2\bin -Dcom.sun.management.jmxremote -Dspring.jmx.enabled=true -Dspring.liveBeansView.mbeanDomain -Dspring.application.admin.enabled=true -Dfile.encoding=UTF-8 
java_command: main.biggreenbook.BigGreenBookApplication
java_class_path (initial): D:\Workspace\GreenBook\big-green-book\target\classes;C:\Users\帅得惊动党中央\.m2\repository\org\springframework\boot\spring-boot-starter-web\2.6.4\spring-boot-starter-web-2.6.4.jar;C:\Users\帅得惊动党中央\.m2\repository\org\springframework\boot\spring-boot-starter\2.6.4\spring-boot-starter-2.6.4.jar;C:\Users\帅得惊动党中央\.m2\repository\org\springframework\boot\spring-boot\2.6.4\spring-boot-2.6.4.jar;C:\Users\帅得惊动党中央\.m2\repository\org\springframework\boot\spring-boot-autoconfigure\2.6.4\spring-boot-autoconfigure-2.6.4.jar;C:\Users\帅得惊动党中央\.m2\repository\org\springframework\boot\spring-boot-starter-logging\2.6.4\spring-boot-starter-logging-2.6.4.jar;C:\Users\帅得惊动党中央\.m2\repository\ch\qos\logback\logback-classic\1.2.10\logback-classic-1.2.10.jar;C:\Users\帅得惊动党中央\.m2\repository\ch\qos\logback\logback-core\1.2.10\logback-core-1.2.10.jar;C:\Users\帅得惊动党中央\.m2\repository\org\apache\logging\log4j\log4j-to-slf4j\2.17.1\log4j-to-slf4j-2.17.1.jar;C:\Users\帅得惊动党中央\.m2\repository\org\apache\logging\log4j\log4j-api\2.17.1\log4j-api-2.17.1.jar;C:\Users\帅得惊动党中央\.m2\repository\org\slf4j\jul-to-slf4j\1.7.36\jul-to-slf4j-1.7.36.jar;C:\Users\帅得惊动党中央\.m2\repository\jakarta\annotation\jakarta.annotation-api\1.3.5\jakarta.annotation-api-1.3.5.jar;C:\Users\帅得惊动党中央\.m2\repository\org\yaml\snakeyaml\1.29\snakeyaml-1.29.jar;C:\Users\帅得惊动党中央\.m2\repository\org\springframework\boot\spring-boot-starter-json\2.6.4\spring-boot-starter-json-2.6.4.jar;C:\Users\帅得惊动党中央\.m2\repository\com\fasterxml\jackson\core\jackson-databind\2.13.1\jackson-databind-2.13.1.jar;C:\Users\帅得惊动党中央\.m2\repository\com\fasterxml\jackson\core\jackson-annotations\2.13.1\jackson-annotations-2.13.1.jar;C:\Users\帅得惊动党中央\.m2\repository\com\fasterxml\jackson\core\jackson-core\2.13.1\jackson-core-2.13.1.jar;C:\Users\帅得惊动党中央\.m2\repository\com\fasterxml\jackson\datatype\jackson-datatype-jdk8\2.13.1\jackso
Launcher Type: SUN_STANDARD

[Global flags]
     intx CICompilerCount                          = 4                                         {product} {ergonomic}
     uint ConcGCThreads                            = 2                                         {product} {ergonomic}
     uint G1ConcRefinementThreads                  = 8                                         {product} {ergonomic}
   size_t G1HeapRegionSize                         = 2097152                                   {product} {ergonomic}
    uintx GCDrainStackTargetSize                   = 64                                        {product} {ergonomic}
   size_t InitialHeapSize                          = 268435456                                 {product} {ergonomic}
     bool ManagementServer                         = true                                      {product} {command line}
   size_t MarkStackSize                            = 4194304                                   {product} {ergonomic}
   size_t MaxHeapSize                              = 4276092928                                {product} {ergonomic}
   size_t MaxNewSize                               = 2564816896                                {product} {ergonomic}
   size_t MinHeapDeltaBytes                        = 2097152                                   {product} {ergonomic}
   size_t MinHeapSize                              = 8388608                                   {product} {ergonomic}
    uintx NonNMethodCodeHeapSize                   = 7549744                                {pd product} {ergonomic}
    uintx NonProfiledCodeHeapSize                  = 244108496                              {pd product} {ergonomic}
    uintx ProfiledCodeHeapSize                     = 0                                      {pd product} {ergonomic}
    uintx ReservedCodeCacheSize                    = 251658240                              {pd product} {ergonomic}
     bool SegmentedCodeCache                       = true                                      {product} {ergonomic}
   size_t SoftMaxHeapSize                          = 4276092928                             {manageable} {ergonomic}
     intx TieredStopAtLevel                        = 1                                         {product} {command line}
     bool UseCompressedClassPointers               = true                           {product lp64_product} {ergonomic}
     bool UseCompressedOops                        = true                           {product lp64_product} {ergonomic}
     bool UseG1GC                                  = true                                      {product} {ergonomic}
     bool UseLargePagesIndividualAllocation        = false                                  {pd product} {ergonomic}

Logging:
Log output configuration:
 #0: stdout all=warning uptime,level,tags
 #1: stderr all=off uptime,level,tags

Environment Variables:
JAVA_HOME=C:\Program Files\Java\jdk-13.0.1\
CLASSPATH=C:\Program Files\Java\jdk-13.0.1\\bin;C:\Program Files\Java\jdk-13.0.1\\jre\bin;D:\Program Files\apache-maven-3.8.1
PATH=D:\OracleDatabase_11gR2\product\11.2.0\dbhome_1\bin;C:\Program Files (x86)\Common Files\Oracle\Java\javapath;C:\Program Files (x86)\NVIDIA Corporation\PhysX\Common;%;C:\WINDOWS\system32;C:\WINDOWS;C:\WINDOWS\System32\Wbem;C:\WINDOWS\System32\WindowsPowerShell\v1.0\;C:\WINDOWS\System32\OpenSSH\;D:\Program Files\Matlab\runtime\win64;D:\Program Files\Matlab\bin;D:\Program Files\Matlab\polyspace\bin;D:\Program Files\Maven\apache-maven-3.8.1\apache-maven\src\bin;C:\Program Files\Java\jdk-13.0.1\\bin;D:\Program Files\apache-maven-3.8.1\\bin;C:\Program Files (x86)\Microsoft SQL Server\150\DTS\Binn\;C:\Program Files\Azure Data Studio\bin;"D:\Program Files\tomcat\bin;";D:\Program Files\tomcat\lib;D:\Git\cmd;;D:\Program Files\微信web开发者工具\dll;D:\Program Files\NodeJs\;C:\Program Files\MySQL\MySQL Shell 8.0\bin\;D:\python\Scripts\;D:\python\;C:\Program Files\Java\jdk-13.0.1\bin;D:\IntelliJ IDEA Community Edition 2019.3.2\bin;D:\Fiddler;C:\Users\帅得惊动党中央\AppData\Local\Microsoft\WindowsApps;D:\Microsoft VS Code\bin;C:\Program Files\JetBrains\PyCharm Community Edition 2020.3.3\bin;D:\Program Files\apache-maven-3.8.1;D:\Program Files\Maven\apache-maven-3.8.1\bin;D:\Program Files\IntelliJ IDEA 2021.1.1\bin;C:\Users\帅得惊动党中央\AppData\Roaming\npm
USERNAME=帅得惊动党中央
OS=Windows_NT
PROCESSOR_IDENTIFIER=Intel64 Family 6 Model 158 Stepping 10, GenuineIntel



---------------  S Y S T E M  ---------------

OS:
 Windows 10 , 64 bit Build 19041 (10.0.19041.1566)
OS uptime: 0 days 10:31 hours

CPU: total 8 (initial active 8) (4 cores per cpu, 2 threads per core) family 6 model 158 stepping 10 microcode 0xb4, cx8, cmov, fxsr, ht, mmx, 3dnowpref, sse, sse2, sse3, ssse3, sse4.1, sse4.2, popcnt, lzcnt, tsc, tscinvbit, avx, avx2, aes, erms, clmul, bmi1, bmi2, adx, fma, vzeroupper, clflush, clflushopt

Memory: 4k page, system-wide physical 16304M (4461M free)
TotalPageFile size 24496M (AvailPageFile size 4M)
current process WorkingSet (physical memory assigned to process): 78M, peak: 78M
current process commit charge ("private bytes"): 355M, peak: 356M

vm_info: OpenJDK 64-Bit Server VM (16.0.2+7) for windows-amd64 JRE (16.0.2+7), built on Jul 22 2021 01:11:46 by "Administrator" with MS VC++ 15.9 (VS2017)

END.
