#
# A fatal error has been detected by the Java Runtime Environment:
#
#  EXCEPTION_STACK_OVERFLOW (0xc00000fd) at pc=0x00007ffd79db4053, pid=19036, tid=26160
#
# JRE version: OpenJDK Runtime Environment Corretto-16.0.2.7.1 (16.0.2+7) (build 16.0.2+7)
# Java VM: OpenJDK 64-Bit Server VM Corretto-16.0.2.7.1 (16.0.2+7, mixed mode, sharing, tiered, compressed oops, compressed class ptrs, g1 gc, windows-amd64)
# Problematic frame:
# V  [jvm.dll+0x374053]
#
# No core dump will be written. Minidumps are not enabled by default on client versions of Windows
#
# If you would like to submit a bug report, please visit:
#   https://github.com/corretto/corretto-jdk/issues/
#

---------------  S U M M A R Y ------------

Command Line: -XX:TieredStopAtLevel=1 -Xverify:none -Dspring.output.ansi.enabled=always -javaagent:D:\Program Files\IntelliJ IDEA 2021.1.2\lib\idea_rt.jar=52184:D:\Program Files\IntelliJ IDEA 2021.1.2\bin -Dcom.sun.management.jmxremote -Dspring.jmx.enabled=true -Dspring.liveBeansView.mbeanDomain -Dspring.application.admin.enabled=true -Dfile.encoding=UTF-8 main.biggreenbook.BigGreenBookApplication

Host: Intel(R) Core(TM) i5-9300H CPU @ 2.40GHz, 8 cores, 15G,  Windows 10 , 64 bit Build 19041 (10.0.19041.1566)
Time: Sun Apr 10 22:48:52 2022  Windows 10 , 64 bit Build 19041 (10.0.19041.1566) elapsed time: 0.262740 seconds (0d 0h 0m 0s)

---------------  T H R E A D  ---------------

Current thread (0x0000029eb4468a40):  JavaThread "Monitor Ctrl-Break" daemon [_thread_in_vm, id=26160, stack(0x000000cc70500000,0x000000cc70600000)]

Stack: [0x000000cc70500000,0x000000cc70600000],  sp=0x000000cc705ff6d0,  free space=1021k
Native frames: (J=compiled Java code, j=interpreted, Vv=VM code, C=native code)
V  [jvm.dll+0x374053]
V  [jvm.dll+0x647d32]
V  [jvm.dll+0x374b6b]
V  [jvm.dll+0x374df7]
V  [jvm.dll+0x3f7581]
V  [jvm.dll+0x7a8662]
V  [jvm.dll+0x7a223a]
V  [jvm.dll+0x646c46]
C  [ucrtbase.dll+0x21bb2]
C  [KERNEL32.DLL+0x17034]
C  [ntdll.dll+0x52651]


siginfo: EXCEPTION_STACK_OVERFLOW (0xc00000fd), ExceptionInformation=0x0000000000000001 0x000000cc705fb6d0 


Register to memory mapping:

RIP=0x00007ffd79db4053 jvm.dll
RAX=0x0000000000000004 is an unknown value
RBX=0x000000cc705fb6d0 is pointing into the stack for thread: 0x0000029eb4468a40
RCX=0x0000000000001000 is an unknown value
RDX=0x0 is NULL
RSP=0x000000cc705ff6d0 is pointing into the stack for thread: 0x0000029eb4468a40
RBP=0x000000cc705ff7d0 is pointing into the stack for thread: 0x0000029eb4468a40
RSI=0x0000029eb2fa74d0 points into unknown readable memory: 0x0000000710d86b48 | 48 6b d8 10 07 00 00 00
RDI=0x000000cc705ff950 is pointing into the stack for thread: 0x0000029eb4468a40
R8 =0x000000cc705ff6d0 is pointing into the stack for thread: 0x0000029eb4468a40
R9 =0x0000000000000150 is an unknown value
R10=0x000000cc705ff880 is pointing into the stack for thread: 0x0000029eb4468a40
R11=0x000000cc705ffa20 is pointing into the stack for thread: 0x0000029eb4468a40
R12=0x000000cc705ff880 is pointing into the stack for thread: 0x0000029eb4468a40
R13=0x000000000000000a is an unknown value
R14=0x000000cc705ffa20 is pointing into the stack for thread: 0x0000029eb4468a40
R15=0x0000029eb4468a40 is a thread


Registers:
RAX=0x0000000000000004, RBX=0x000000cc705fb6d0, RCX=0x0000000000001000, RDX=0x0000000000000000
RSP=0x000000cc705ff6d0, RBP=0x000000cc705ff7d0, RSI=0x0000029eb2fa74d0, RDI=0x000000cc705ff950
R8 =0x000000cc705ff6d0, R9 =0x0000000000000150, R10=0x000000cc705ff880, R11=0x000000cc705ffa20
R12=0x000000cc705ff880, R13=0x000000000000000a, R14=0x000000cc705ffa20, R15=0x0000029eb4468a40
RIP=0x00007ffd79db4053, EFLAGS=0x0000000000010202

Top of Stack: (sp=0x000000cc705ff6d0)
0x000000cc705ff6d0:   000000cc705ff6d0 0000029eb2fa74d0
0x000000cc705ff6e0:   0000baab4f7c5510 000000cc6f0dc000
0x000000cc705ff6f0:   0000029eb2fcf708 000000cc705ff8d0
0x000000cc705ff700:   000000cc705ff7a8 00007ffd79c4e3e8
0x000000cc705ff710:   000000cc705ff890 0000029eb4468a40
0x000000cc705ff720:   0000000800c00c00 00007ffd79f7844e
0x000000cc705ff730:   000000cc705ff7a8 00007ffd79d78786
0x000000cc705ff740:   000000cc705ff8e8 0000000000000005
0x000000cc705ff750:   0000000000000060 ffffffffffffffff
0x000000cc705ff760:   000000cc705ff830 00007ffd79f7bc81
0x000000cc705ff770:   0000029eb4468a40 0000029eb4468a40
0x000000cc705ff780:   0000000000080013 000000000000004e
0x000000cc705ff790:   0000029eb2fa74d0 0000000000000000
0x000000cc705ff7a0:   0000029eb3402b80 0000029eb3402b80
0x000000cc705ff7b0:   0000029eb4468a40 0000029eb3402b80
0x000000cc705ff7c0:   0000029eb4468a40 000000cc705ff8d0 

Instructions: (pc=0x00007ffd79db4053)
0x00007ffd79db3f53:   39 b7 d8 04 00 00 74 0c 49 8b 04 24 48 8b 40 30
0x00007ffd79db3f63:   48 89 45 68 41 8b 16 8d 42 fc 83 f8 0a 77 36 4c
0x00007ffd79db3f73:   8d 05 87 c0 c8 ff 48 98 41 8b 8c 80 80 43 37 00
0x00007ffd79db3f83:   49 03 c8 ff e1 41 bd 0a 00 00 00 eb 37 41 bd 0b
0x00007ffd79db3f93:   00 00 00 eb 2f 41 bd 06 00 00 00 eb 27 41 bd 07
0x00007ffd79db3fa3:   00 00 00 eb 1f ba b2 00 00 00 48 8d 0d 4c a0 5a
0x00007ffd79db3fb3:   00 e8 67 9c ec ff e8 c2 39 2d 00 41 8b 16 41 bd
0x00007ffd79db3fc3:   63 00 00 00 8d 42 f4 83 f8 01 49 8b 04 24 0f 96
0x00007ffd79db3fd3:   45 60 8b 48 20 c1 e9 03 f6 c1 01 75 0d 48 8b 47
0x00007ffd79db3fe3:   58 48 8b 30 48 89 75 c0 eb 04 48 89 75 c8 49 8d
0x00007ffd79db3ff3:   8f d0 03 00 00 e8 d3 8a 3a 00 e8 9e 3a 2d 00 4c
0x00007ffd79db4003:   8b c0 49 8b d4 49 8b cf 48 8b d8 e8 dd 85 2c 00
0x00007ffd79db4013:   84 c0 75 1d 4d 8b cc 48 8d 15 df 9f 5a 00 41 b8
0x00007ffd79db4023:   8e 01 00 00 49 8b cf e8 a1 c5 f3 ff e9 3d 02 00
0x00007ffd79db4033:   00 48 63 0d 95 32 7d 00 33 d2 48 8b 05 64 7f 7d
0x00007ffd79db4043:   00 48 f7 f1 48 83 f8 01 72 0f 0f 1f 00 48 2b d9
0x00007ffd79db4053:   c6 03 00 48 83 e8 01 75 f4 4d 8b ce 4c 89 7c 24
0x00007ffd79db4063:   20 4c 8b c6 48 8d 4c 24 40 49 8b d4 e8 3c fb ff
0x00007ffd79db4073:   ff 49 83 7f 08 00 0f 85 42 01 00 00 49 8b d7 48
0x00007ffd79db4083:   8d 4d d0 e8 55 47 fc ff 33 f6 39 77 68 0f 8e 95
0x00007ffd79db4093:   00 00 00 33 db 0f 1f 84 00 00 00 00 00 48 8b 47
0x00007ffd79db40a3:   60 0f b6 0c 03 85 c9 74 71 48 8b 47 58 48 8b 14
0x00007ffd79db40b3:   d8 83 e9 02 74 48 83 f9 01 74 1a ba e5 01 00 00
0x00007ffd79db40c3:   48 8d 0d 36 9f 5a 00 e8 51 9b ec ff e8 ac 38 2d
0x00007ffd79db40d3:   00 33 c9 eb 35 33 c9 48 85 d2 74 2e f6 c2 01 74
0x00007ffd79db40e3:   0f 48 8d 4a ff ff 15 42 26 75 00 48 8b c8 eb 1a
0x00007ffd79db40f3:   48 8b ca ff 15 34 af 74 00 48 8b c8 eb 0c 48 85
0x00007ffd79db4103:   d2 75 04 33 c9 eb 03 48 8b 0a 48 8b 47 58 48 89
0x00007ffd79db4113:   0c d8 48 8b 47 60 c6 04 03 01 ff c6 48 ff c3 3b
0x00007ffd79db4123:   77 68 0f 8c 75 ff ff ff 48 8b 47 78 48 8b 5f 58
0x00007ffd79db4133:   48 85 c0 74 45 48 8b 10 33 c9 e8 ee b5 11 00 48
0x00007ffd79db4143:   85 c0 74 36 49 89 87 c0 03 00 00 49 8b 04 24 48 


Stack slot to memory mapping:
stack at sp + 0 slots: 0x000000cc705ff6d0 is pointing into the stack for thread: 0x0000029eb4468a40
stack at sp + 1 slots: 0x0000029eb2fa74d0 points into unknown readable memory: 0x0000000710d86b48 | 48 6b d8 10 07 00 00 00
stack at sp + 2 slots: 0x0000baab4f7c5510 is an unknown value
stack at sp + 3 slots: 0x000000cc6f0dc000 points into unknown readable memory: 0x0000000004000000 | 00 00 00 04 00 00 00 00
stack at sp + 4 slots: 0x0000029eb2fcf708 points into unknown readable memory: 0x880006002f37d4b9 | b9 d4 37 2f 00 06 00 88
stack at sp + 5 slots: 0x000000cc705ff8d0 is pointing into the stack for thread: 0x0000029eb4468a40
stack at sp + 6 slots: 0x000000cc705ff7a8 is pointing into the stack for thread: 0x0000029eb4468a40
stack at sp + 7 slots: 0x00007ffd79c4e3e8 jvm.dll


---------------  P R O C E S S  ---------------

Threads class SMR info:
_java_thread_list=0x0000029eb3970bb0, length=12, elements={
0x0000029e8f0df250, 0x0000029eb2f9da40, 0x0000029eb2f9e900, 0x0000029eb2fc4440,
0x0000029eb2fb65a0, 0x0000029eb2fb6eb0, 0x0000029eb2fb77c0, 0x0000029eb2fbb5d0,
0x0000029eb2fcd210, 0x0000029eb2f83130, 0x0000029eb4468a40, 0x0000029eb4468f60
}

Java Threads: ( => current thread )
  0x0000029e8f0df250 JavaThread "main" [_thread_blocked, id=27328, stack(0x000000cc6f500000,0x000000cc6f600000)]
  0x0000029eb2f9da40 JavaThread "Reference Handler" daemon [_thread_blocked, id=404, stack(0x000000cc6fc00000,0x000000cc6fd00000)]
  0x0000029eb2f9e900 JavaThread "Finalizer" daemon [_thread_blocked, id=24068, stack(0x000000cc6fd00000,0x000000cc6fe00000)]
  0x0000029eb2fc4440 JavaThread "Signal Dispatcher" daemon [_thread_blocked, id=22844, stack(0x000000cc6fe00000,0x000000cc6ff00000)]
  0x0000029eb2fb65a0 JavaThread "Attach Listener" daemon [_thread_blocked, id=25224, stack(0x000000cc6ff00000,0x000000cc70000000)]
  0x0000029eb2fb6eb0 JavaThread "Service Thread" daemon [_thread_blocked, id=25060, stack(0x000000cc70000000,0x000000cc70100000)]
  0x0000029eb2fb77c0 JavaThread "Monitor Deflation Thread" daemon [_thread_blocked, id=27368, stack(0x000000cc70100000,0x000000cc70200000)]
  0x0000029eb2fbb5d0 JavaThread "C1 CompilerThread0" daemon [_thread_blocked, id=21880, stack(0x000000cc70200000,0x000000cc70300000)]
  0x0000029eb2fcd210 JavaThread "Sweeper thread" daemon [_thread_blocked, id=27400, stack(0x000000cc70300000,0x000000cc70400000)]
  0x0000029eb2f83130 JavaThread "Common-Cleaner" daemon [_thread_blocked, id=27456, stack(0x000000cc70400000,0x000000cc70500000)]
=>0x0000029eb4468a40 JavaThread "Monitor Ctrl-Break" daemon [_thread_in_vm, id=26160, stack(0x000000cc70500000,0x000000cc70600000)]
  0x0000029eb4468f60 JavaThread "Notification Thread" daemon [_thread_blocked, id=24456, stack(0x000000cc70600000,0x000000cc70700000)]

Other Threads:
  0x0000029eb2f9ae00 VMThread "VM Thread" [stack: 0x000000cc6fb00000,0x000000cc6fc00000] [id=23792] _threads_hazard_ptr=0x0000029eb3970bb0
  0x0000029e8f12eae0 GCTaskThread "GC Thread#0" [stack: 0x000000cc6f600000,0x000000cc6f700000] [id=25936]
  0x0000029e8f13f9f0 ConcurrentGCThread "G1 Main Marker" [stack: 0x000000cc6f700000,0x000000cc6f800000] [id=27228]
  0x0000029e8f140ca0 ConcurrentGCThread "G1 Conc#0" [stack: 0x000000cc6f800000,0x000000cc6f900000] [id=26188]
  0x0000029eb2e4c510 ConcurrentGCThread "G1 Refine#0" [stack: 0x000000cc6f900000,0x000000cc6fa00000] [id=4228]
  0x0000029e8f1ad030 ConcurrentGCThread "G1 Service" [stack: 0x000000cc6fa00000,0x000000cc6fb00000] [id=22516]

Threads with active compile tasks:

VM state: not at safepoint (normal execution)

VM Mutex/Monitor currently owned by a thread:  ([mutex/lock_event])
[0x0000029e8f0dbb50] Compile_lock - owner thread: 0x0000029e8f0df250

Heap address: 0x0000000701200000, size: 4078 MB, Compressed Oops mode: Zero based, Oop shift amount: 3

CDS archive(s) mapped at: [0x0000000800000000-0x0000000800be0000-0x0000000800be0000), size 12451840, SharedBaseAddress: 0x0000000800000000, ArchiveRelocationMode: 0.
Compressed class space mapped at: 0x0000000800c00000-0x0000000840c00000, reserved size: 1073741824
Narrow klass base: 0x0000000800000000, Narrow klass shift: 3, Narrow klass range: 0x100000000

GC Precious Log:
 CPUs: 8 total, 8 available
 Memory: 16304M
 Large Page Support: Disabled
 NUMA Support: Disabled
 Compressed Oops: Enabled (Zero based)
 Heap Region Size: 2M
 Heap Min Capacity: 8M
 Heap Initial Capacity: 256M
 Heap Max Capacity: 4078M
 Pre-touch: Disabled
 Parallel Workers: 8
 Concurrent Workers: 2
 Concurrent Refinement Workers: 8
 Periodic GC: Disabled

Heap:
 garbage-first heap   total 262144K, used 4096K [0x0000000701200000, 0x0000000800000000)
  region size 2048K, 3 young (6144K), 0 survivors (0K)
 Metaspace       used 758K, committed 896K, reserved 1056768K
  class space    used 60K, committed 128K, reserved 1048576K

Heap Regions: E=young(eden), S=young(survivor), O=old, HS=humongous(starts), HC=humongous(continues), CS=collection set, F=free, OA=open archive, CA=closed archive, TAMS=top-at-mark-start (previous, next)
|   0|0x0000000701200000, 0x0000000701200000, 0x0000000701400000|  0%| F|  |TAMS 0x0000000701200000, 0x0000000701200000| Untracked 
|   1|0x0000000701400000, 0x0000000701400000, 0x0000000701600000|  0%| F|  |TAMS 0x0000000701400000, 0x0000000701400000| Untracked 
|   2|0x0000000701600000, 0x0000000701600000, 0x0000000701800000|  0%| F|  |TAMS 0x0000000701600000, 0x0000000701600000| Untracked 
|   3|0x0000000701800000, 0x0000000701800000, 0x0000000701a00000|  0%| F|  |TAMS 0x0000000701800000, 0x0000000701800000| Untracked 
|   4|0x0000000701a00000, 0x0000000701a00000, 0x0000000701c00000|  0%| F|  |TAMS 0x0000000701a00000, 0x0000000701a00000| Untracked 
|   5|0x0000000701c00000, 0x0000000701c00000, 0x0000000701e00000|  0%| F|  |TAMS 0x0000000701c00000, 0x0000000701c00000| Untracked 
|   6|0x0000000701e00000, 0x0000000701e00000, 0x0000000702000000|  0%| F|  |TAMS 0x0000000701e00000, 0x0000000701e00000| Untracked 
|   7|0x0000000702000000, 0x0000000702000000, 0x0000000702200000|  0%| F|  |TAMS 0x0000000702000000, 0x0000000702000000| Untracked 
|   8|0x0000000702200000, 0x0000000702200000, 0x0000000702400000|  0%| F|  |TAMS 0x0000000702200000, 0x0000000702200000| Untracked 
|   9|0x0000000702400000, 0x0000000702400000, 0x0000000702600000|  0%| F|  |TAMS 0x0000000702400000, 0x0000000702400000| Untracked 
|  10|0x0000000702600000, 0x0000000702600000, 0x0000000702800000|  0%| F|  |TAMS 0x0000000702600000, 0x0000000702600000| Untracked 
|  11|0x0000000702800000, 0x0000000702800000, 0x0000000702a00000|  0%| F|  |TAMS 0x0000000702800000, 0x0000000702800000| Untracked 
|  12|0x0000000702a00000, 0x0000000702a00000, 0x0000000702c00000|  0%| F|  |TAMS 0x0000000702a00000, 0x0000000702a00000| Untracked 
|  13|0x0000000702c00000, 0x0000000702c00000, 0x0000000702e00000|  0%| F|  |TAMS 0x0000000702c00000, 0x0000000702c00000| Untracked 
|  14|0x0000000702e00000, 0x0000000702e00000, 0x0000000703000000|  0%| F|  |TAMS 0x0000000702e00000, 0x0000000702e00000| Untracked 
|  15|0x0000000703000000, 0x0000000703000000, 0x0000000703200000|  0%| F|  |TAMS 0x0000000703000000, 0x0000000703000000| Untracked 
|  16|0x0000000703200000, 0x0000000703200000, 0x0000000703400000|  0%| F|  |TAMS 0x0000000703200000, 0x0000000703200000| Untracked 
|  17|0x0000000703400000, 0x0000000703400000, 0x0000000703600000|  0%| F|  |TAMS 0x0000000703400000, 0x0000000703400000| Untracked 
|  18|0x0000000703600000, 0x0000000703600000, 0x0000000703800000|  0%| F|  |TAMS 0x0000000703600000, 0x0000000703600000| Untracked 
|  19|0x0000000703800000, 0x0000000703800000, 0x0000000703a00000|  0%| F|  |TAMS 0x0000000703800000, 0x0000000703800000| Untracked 
|  20|0x0000000703a00000, 0x0000000703a00000, 0x0000000703c00000|  0%| F|  |TAMS 0x0000000703a00000, 0x0000000703a00000| Untracked 
|  21|0x0000000703c00000, 0x0000000703c00000, 0x0000000703e00000|  0%| F|  |TAMS 0x0000000703c00000, 0x0000000703c00000| Untracked 
|  22|0x0000000703e00000, 0x0000000703e00000, 0x0000000704000000|  0%| F|  |TAMS 0x0000000703e00000, 0x0000000703e00000| Untracked 
|  23|0x0000000704000000, 0x0000000704000000, 0x0000000704200000|  0%| F|  |TAMS 0x0000000704000000, 0x0000000704000000| Untracked 
|  24|0x0000000704200000, 0x0000000704200000, 0x0000000704400000|  0%| F|  |TAMS 0x0000000704200000, 0x0000000704200000| Untracked 
|  25|0x0000000704400000, 0x0000000704400000, 0x0000000704600000|  0%| F|  |TAMS 0x0000000704400000, 0x0000000704400000| Untracked 
|  26|0x0000000704600000, 0x0000000704600000, 0x0000000704800000|  0%| F|  |TAMS 0x0000000704600000, 0x0000000704600000| Untracked 
|  27|0x0000000704800000, 0x0000000704800000, 0x0000000704a00000|  0%| F|  |TAMS 0x0000000704800000, 0x0000000704800000| Untracked 
|  28|0x0000000704a00000, 0x0000000704a00000, 0x0000000704c00000|  0%| F|  |TAMS 0x0000000704a00000, 0x0000000704a00000| Untracked 
|  29|0x0000000704c00000, 0x0000000704c00000, 0x0000000704e00000|  0%| F|  |TAMS 0x0000000704c00000, 0x0000000704c00000| Untracked 
|  30|0x0000000704e00000, 0x0000000704e00000, 0x0000000705000000|  0%| F|  |TAMS 0x0000000704e00000, 0x0000000704e00000| Untracked 
|  31|0x0000000705000000, 0x0000000705000000, 0x0000000705200000|  0%| F|  |TAMS 0x0000000705000000, 0x0000000705000000| Untracked 
|  32|0x0000000705200000, 0x0000000705200000, 0x0000000705400000|  0%| F|  |TAMS 0x0000000705200000, 0x0000000705200000| Untracked 
|  33|0x0000000705400000, 0x0000000705400000, 0x0000000705600000|  0%| F|  |TAMS 0x0000000705400000, 0x0000000705400000| Untracked 
|  34|0x0000000705600000, 0x0000000705600000, 0x0000000705800000|  0%| F|  |TAMS 0x0000000705600000, 0x0000000705600000| Untracked 
|  35|0x0000000705800000, 0x0000000705800000, 0x0000000705a00000|  0%| F|  |TAMS 0x0000000705800000, 0x0000000705800000| Untracked 
|  36|0x0000000705a00000, 0x0000000705a00000, 0x0000000705c00000|  0%| F|  |TAMS 0x0000000705a00000, 0x0000000705a00000| Untracked 
|  37|0x0000000705c00000, 0x0000000705c00000, 0x0000000705e00000|  0%| F|  |TAMS 0x0000000705c00000, 0x0000000705c00000| Untracked 
|  38|0x0000000705e00000, 0x0000000705e00000, 0x0000000706000000|  0%| F|  |TAMS 0x0000000705e00000, 0x0000000705e00000| Untracked 
|  39|0x0000000706000000, 0x0000000706000000, 0x0000000706200000|  0%| F|  |TAMS 0x0000000706000000, 0x0000000706000000| Untracked 
|  40|0x0000000706200000, 0x0000000706200000, 0x0000000706400000|  0%| F|  |TAMS 0x0000000706200000, 0x0000000706200000| Untracked 
|  41|0x0000000706400000, 0x0000000706400000, 0x0000000706600000|  0%| F|  |TAMS 0x0000000706400000, 0x0000000706400000| Untracked 
|  42|0x0000000706600000, 0x0000000706600000, 0x0000000706800000|  0%| F|  |TAMS 0x0000000706600000, 0x0000000706600000| Untracked 
|  43|0x0000000706800000, 0x0000000706800000, 0x0000000706a00000|  0%| F|  |TAMS 0x0000000706800000, 0x0000000706800000| Untracked 
|  44|0x0000000706a00000, 0x0000000706a00000, 0x0000000706c00000|  0%| F|  |TAMS 0x0000000706a00000, 0x0000000706a00000| Untracked 
|  45|0x0000000706c00000, 0x0000000706c00000, 0x0000000706e00000|  0%| F|  |TAMS 0x0000000706c00000, 0x0000000706c00000| Untracked 
|  46|0x0000000706e00000, 0x0000000706e00000, 0x0000000707000000|  0%| F|  |TAMS 0x0000000706e00000, 0x0000000706e00000| Untracked 
|  47|0x0000000707000000, 0x0000000707000000, 0x0000000707200000|  0%| F|  |TAMS 0x0000000707000000, 0x0000000707000000| Untracked 
|  48|0x0000000707200000, 0x0000000707200000, 0x0000000707400000|  0%| F|  |TAMS 0x0000000707200000, 0x0000000707200000| Untracked 
|  49|0x0000000707400000, 0x0000000707400000, 0x0000000707600000|  0%| F|  |TAMS 0x0000000707400000, 0x0000000707400000| Untracked 
|  50|0x0000000707600000, 0x0000000707600000, 0x0000000707800000|  0%| F|  |TAMS 0x0000000707600000, 0x0000000707600000| Untracked 
|  51|0x0000000707800000, 0x0000000707800000, 0x0000000707a00000|  0%| F|  |TAMS 0x0000000707800000, 0x0000000707800000| Untracked 
|  52|0x0000000707a00000, 0x0000000707a00000, 0x0000000707c00000|  0%| F|  |TAMS 0x0000000707a00000, 0x0000000707a00000| Untracked 
|  53|0x0000000707c00000, 0x0000000707c00000, 0x0000000707e00000|  0%| F|  |TAMS 0x0000000707c00000, 0x0000000707c00000| Untracked 
|  54|0x0000000707e00000, 0x0000000707e00000, 0x0000000708000000|  0%| F|  |TAMS 0x0000000707e00000, 0x0000000707e00000| Untracked 
|  55|0x0000000708000000, 0x0000000708000000, 0x0000000708200000|  0%| F|  |TAMS 0x0000000708000000, 0x0000000708000000| Untracked 
|  56|0x0000000708200000, 0x0000000708200000, 0x0000000708400000|  0%| F|  |TAMS 0x0000000708200000, 0x0000000708200000| Untracked 
|  57|0x0000000708400000, 0x0000000708400000, 0x0000000708600000|  0%| F|  |TAMS 0x0000000708400000, 0x0000000708400000| Untracked 
|  58|0x0000000708600000, 0x0000000708600000, 0x0000000708800000|  0%| F|  |TAMS 0x0000000708600000, 0x0000000708600000| Untracked 
|  59|0x0000000708800000, 0x0000000708800000, 0x0000000708a00000|  0%| F|  |TAMS 0x0000000708800000, 0x0000000708800000| Untracked 
|  60|0x0000000708a00000, 0x0000000708a00000, 0x0000000708c00000|  0%| F|  |TAMS 0x0000000708a00000, 0x0000000708a00000| Untracked 
|  61|0x0000000708c00000, 0x0000000708c00000, 0x0000000708e00000|  0%| F|  |TAMS 0x0000000708c00000, 0x0000000708c00000| Untracked 
|  62|0x0000000708e00000, 0x0000000708e00000, 0x0000000709000000|  0%| F|  |TAMS 0x0000000708e00000, 0x0000000708e00000| Untracked 
|  63|0x0000000709000000, 0x0000000709000000, 0x0000000709200000|  0%| F|  |TAMS 0x0000000709000000, 0x0000000709000000| Untracked 
|  64|0x0000000709200000, 0x0000000709200000, 0x0000000709400000|  0%| F|  |TAMS 0x0000000709200000, 0x0000000709200000| Untracked 
|  65|0x0000000709400000, 0x0000000709400000, 0x0000000709600000|  0%| F|  |TAMS 0x0000000709400000, 0x0000000709400000| Untracked 
|  66|0x0000000709600000, 0x0000000709600000, 0x0000000709800000|  0%| F|  |TAMS 0x0000000709600000, 0x0000000709600000| Untracked 
|  67|0x0000000709800000, 0x0000000709800000, 0x0000000709a00000|  0%| F|  |TAMS 0x0000000709800000, 0x0000000709800000| Untracked 
|  68|0x0000000709a00000, 0x0000000709a00000, 0x0000000709c00000|  0%| F|  |TAMS 0x0000000709a00000, 0x0000000709a00000| Untracked 
|  69|0x0000000709c00000, 0x0000000709c00000, 0x0000000709e00000|  0%| F|  |TAMS 0x0000000709c00000, 0x0000000709c00000| Untracked 
|  70|0x0000000709e00000, 0x0000000709e00000, 0x000000070a000000|  0%| F|  |TAMS 0x0000000709e00000, 0x0000000709e00000| Untracked 
|  71|0x000000070a000000, 0x000000070a000000, 0x000000070a200000|  0%| F|  |TAMS 0x000000070a000000, 0x000000070a000000| Untracked 
|  72|0x000000070a200000, 0x000000070a200000, 0x000000070a400000|  0%| F|  |TAMS 0x000000070a200000, 0x000000070a200000| Untracked 
|  73|0x000000070a400000, 0x000000070a400000, 0x000000070a600000|  0%| F|  |TAMS 0x000000070a400000, 0x000000070a400000| Untracked 
|  74|0x000000070a600000, 0x000000070a600000, 0x000000070a800000|  0%| F|  |TAMS 0x000000070a600000, 0x000000070a600000| Untracked 
|  75|0x000000070a800000, 0x000000070a800000, 0x000000070aa00000|  0%| F|  |TAMS 0x000000070a800000, 0x000000070a800000| Untracked 
|  76|0x000000070aa00000, 0x000000070aa00000, 0x000000070ac00000|  0%| F|  |TAMS 0x000000070aa00000, 0x000000070aa00000| Untracked 
|  77|0x000000070ac00000, 0x000000070ac00000, 0x000000070ae00000|  0%| F|  |TAMS 0x000000070ac00000, 0x000000070ac00000| Untracked 
|  78|0x000000070ae00000, 0x000000070ae00000, 0x000000070b000000|  0%| F|  |TAMS 0x000000070ae00000, 0x000000070ae00000| Untracked 
|  79|0x000000070b000000, 0x000000070b000000, 0x000000070b200000|  0%| F|  |TAMS 0x000000070b000000, 0x000000070b000000| Untracked 
|  80|0x000000070b200000, 0x000000070b200000, 0x000000070b400000|  0%| F|  |TAMS 0x000000070b200000, 0x000000070b200000| Untracked 
|  81|0x000000070b400000, 0x000000070b400000, 0x000000070b600000|  0%| F|  |TAMS 0x000000070b400000, 0x000000070b400000| Untracked 
|  82|0x000000070b600000, 0x000000070b600000, 0x000000070b800000|  0%| F|  |TAMS 0x000000070b600000, 0x000000070b600000| Untracked 
|  83|0x000000070b800000, 0x000000070b800000, 0x000000070ba00000|  0%| F|  |TAMS 0x000000070b800000, 0x000000070b800000| Untracked 
|  84|0x000000070ba00000, 0x000000070ba00000, 0x000000070bc00000|  0%| F|  |TAMS 0x000000070ba00000, 0x000000070ba00000| Untracked 
|  85|0x000000070bc00000, 0x000000070bc00000, 0x000000070be00000|  0%| F|  |TAMS 0x000000070bc00000, 0x000000070bc00000| Untracked 
|  86|0x000000070be00000, 0x000000070be00000, 0x000000070c000000|  0%| F|  |TAMS 0x000000070be00000, 0x000000070be00000| Untracked 
|  87|0x000000070c000000, 0x000000070c000000, 0x000000070c200000|  0%| F|  |TAMS 0x000000070c000000, 0x000000070c000000| Untracked 
|  88|0x000000070c200000, 0x000000070c200000, 0x000000070c400000|  0%| F|  |TAMS 0x000000070c200000, 0x000000070c200000| Untracked 
|  89|0x000000070c400000, 0x000000070c400000, 0x000000070c600000|  0%| F|  |TAMS 0x000000070c400000, 0x000000070c400000| Untracked 
|  90|0x000000070c600000, 0x000000070c600000, 0x000000070c800000|  0%| F|  |TAMS 0x000000070c600000, 0x000000070c600000| Untracked 
|  91|0x000000070c800000, 0x000000070c800000, 0x000000070ca00000|  0%| F|  |TAMS 0x000000070c800000, 0x000000070c800000| Untracked 
|  92|0x000000070ca00000, 0x000000070ca00000, 0x000000070cc00000|  0%| F|  |TAMS 0x000000070ca00000, 0x000000070ca00000| Untracked 
|  93|0x000000070cc00000, 0x000000070cc00000, 0x000000070ce00000|  0%| F|  |TAMS 0x000000070cc00000, 0x000000070cc00000| Untracked 
|  94|0x000000070ce00000, 0x000000070ce00000, 0x000000070d000000|  0%| F|  |TAMS 0x000000070ce00000, 0x000000070ce00000| Untracked 
|  95|0x000000070d000000, 0x000000070d000000, 0x000000070d200000|  0%| F|  |TAMS 0x000000070d000000, 0x000000070d000000| Untracked 
|  96|0x000000070d200000, 0x000000070d200000, 0x000000070d400000|  0%| F|  |TAMS 0x000000070d200000, 0x000000070d200000| Untracked 
|  97|0x000000070d400000, 0x000000070d400000, 0x000000070d600000|  0%| F|  |TAMS 0x000000070d400000, 0x000000070d400000| Untracked 
|  98|0x000000070d600000, 0x000000070d600000, 0x000000070d800000|  0%| F|  |TAMS 0x000000070d600000, 0x000000070d600000| Untracked 
|  99|0x000000070d800000, 0x000000070d800000, 0x000000070da00000|  0%| F|  |TAMS 0x000000070d800000, 0x000000070d800000| Untracked 
| 100|0x000000070da00000, 0x000000070da00000, 0x000000070dc00000|  0%| F|  |TAMS 0x000000070da00000, 0x000000070da00000| Untracked 
| 101|0x000000070dc00000, 0x000000070dc00000, 0x000000070de00000|  0%| F|  |TAMS 0x000000070dc00000, 0x000000070dc00000| Untracked 
| 102|0x000000070de00000, 0x000000070de00000, 0x000000070e000000|  0%| F|  |TAMS 0x000000070de00000, 0x000000070de00000| Untracked 
| 103|0x000000070e000000, 0x000000070e000000, 0x000000070e200000|  0%| F|  |TAMS 0x000000070e000000, 0x000000070e000000| Untracked 
| 104|0x000000070e200000, 0x000000070e200000, 0x000000070e400000|  0%| F|  |TAMS 0x000000070e200000, 0x000000070e200000| Untracked 
| 105|0x000000070e400000, 0x000000070e400000, 0x000000070e600000|  0%| F|  |TAMS 0x000000070e400000, 0x000000070e400000| Untracked 
| 106|0x000000070e600000, 0x000000070e600000, 0x000000070e800000|  0%| F|  |TAMS 0x000000070e600000, 0x000000070e600000| Untracked 
| 107|0x000000070e800000, 0x000000070e800000, 0x000000070ea00000|  0%| F|  |TAMS 0x000000070e800000, 0x000000070e800000| Untracked 
| 108|0x000000070ea00000, 0x000000070ea00000, 0x000000070ec00000|  0%| F|  |TAMS 0x000000070ea00000, 0x000000070ea00000| Untracked 
| 109|0x000000070ec00000, 0x000000070ec00000, 0x000000070ee00000|  0%| F|  |TAMS 0x000000070ec00000, 0x000000070ec00000| Untracked 
| 110|0x000000070ee00000, 0x000000070ee00000, 0x000000070f000000|  0%| F|  |TAMS 0x000000070ee00000, 0x000000070ee00000| Untracked 
| 111|0x000000070f000000, 0x000000070f000000, 0x000000070f200000|  0%| F|  |TAMS 0x000000070f000000, 0x000000070f000000| Untracked 
| 112|0x000000070f200000, 0x000000070f200000, 0x000000070f400000|  0%| F|  |TAMS 0x000000070f200000, 0x000000070f200000| Untracked 
| 113|0x000000070f400000, 0x000000070f400000, 0x000000070f600000|  0%| F|  |TAMS 0x000000070f400000, 0x000000070f400000| Untracked 
| 114|0x000000070f600000, 0x000000070f600000, 0x000000070f800000|  0%| F|  |TAMS 0x000000070f600000, 0x000000070f600000| Untracked 
| 115|0x000000070f800000, 0x000000070f800000, 0x000000070fa00000|  0%| F|  |TAMS 0x000000070f800000, 0x000000070f800000| Untracked 
| 116|0x000000070fa00000, 0x000000070fa00000, 0x000000070fc00000|  0%| F|  |TAMS 0x000000070fa00000, 0x000000070fa00000| Untracked 
| 117|0x000000070fc00000, 0x000000070fc00000, 0x000000070fe00000|  0%| F|  |TAMS 0x000000070fc00000, 0x000000070fc00000| Untracked 
| 118|0x000000070fe00000, 0x000000070fe00000, 0x0000000710000000|  0%| F|  |TAMS 0x000000070fe00000, 0x000000070fe00000| Untracked 
| 119|0x0000000710000000, 0x0000000710000000, 0x0000000710200000|  0%| F|  |TAMS 0x0000000710000000, 0x0000000710000000| Untracked 
| 120|0x0000000710200000, 0x0000000710200000, 0x0000000710400000|  0%| F|  |TAMS 0x0000000710200000, 0x0000000710200000| Untracked 
| 121|0x0000000710400000, 0x0000000710400000, 0x0000000710600000|  0%| F|  |TAMS 0x0000000710400000, 0x0000000710400000| Untracked 
| 122|0x0000000710600000, 0x0000000710600000, 0x0000000710800000|  0%| F|  |TAMS 0x0000000710600000, 0x0000000710600000| Untracked 
| 123|0x0000000710800000, 0x0000000710800000, 0x0000000710a00000|  0%| F|  |TAMS 0x0000000710800000, 0x0000000710800000| Untracked 
| 124|0x0000000710a00000, 0x0000000710a00000, 0x0000000710c00000|  0%| F|  |TAMS 0x0000000710a00000, 0x0000000710a00000| Untracked 
| 125|0x0000000710c00000, 0x0000000710df1e78, 0x0000000710e00000| 97%| E|  |TAMS 0x0000000710c00000, 0x0000000710c00000| Complete 
| 126|0x0000000710e00000, 0x0000000711000000, 0x0000000711000000|100%| E|CS|TAMS 0x0000000710e00000, 0x0000000710e00000| Complete 
| 127|0x0000000711000000, 0x0000000711200000, 0x0000000711200000|100%| E|CS|TAMS 0x0000000711000000, 0x0000000711000000| Complete 

Card table byte_map: [0x0000029ea75d0000,0x0000029ea7dd0000] _byte_map_base: 0x0000029ea3dc7000

Marking Bits (Prev, Next): (CMBitMap*) 0x0000029e8f12f150, (CMBitMap*) 0x0000029e8f12f190
 Prev Bits: [0x0000029ea85d0000, 0x0000029eac588000)
 Next Bits: [0x0000029eac590000, 0x0000029eb0548000)

Polling page: 0x0000029e8d080000

Metaspace:

Usage:
  Non-class:    697.92 KB used.
      Class:     60.73 KB used.
       Both:    758.66 KB used.

Virtual space:
  Non-class space:        8.00 MB reserved,     768.00 KB (  9%) committed,  1 nodes.
      Class space:        1.00 GB reserved,     128.00 KB ( <1%) committed,  1 nodes.
              Both:        1.01 GB reserved,     896.00 KB ( <1%) committed. 

Chunk freelists:
   Non-Class:  3.98 MB
       Class:  3.74 MB
        Both:  7.72 MB

MaxMetaspaceSize: 17179869184.00 GB
CompressedClassSpaceSize: 1.00 GB
 - commit_granule_bytes: 65536.
 - commit_granule_words: 8192.
 - virtual_space_node_default_size: 1048576.
 - enlarge_chunks_in_place: 1.
 - new_chunks_are_fully_committed: 0.
 - uncommit_free_chunks: 1.
 - use_allocation_guard: 0.
 - handle_deallocations: 1.


Internal statistics:

num_allocs_failed_limit: 0.
num_arena_births: 16.
num_arena_deaths: 0.
num_vsnodes_births: 2.
num_vsnodes_deaths: 0.
num_space_committed: 14.
num_space_uncommitted: 0.
num_chunks_returned_to_freelist: 0.
num_chunks_taken_from_freelist: 19.
num_chunk_merges: 0.
num_chunk_splits: 11.
num_chunks_enlarged: 6.
num_purges: 0.

CodeHeap 'non-profiled nmethods': size=238336Kb used=377Kb max_used=377Kb free=237958Kb
 bounds [0x0000029e981e0000, 0x0000029e98450000, 0x0000029ea6aa0000]
CodeHeap 'non-nmethods': size=7424Kb used=1110Kb max_used=1110Kb free=6313Kb
 bounds [0x0000029e97aa0000, 0x0000029e97d10000, 0x0000029e981e0000]
 total_blobs=714 nmethods=330 adapters=312
 compilation: enabled
              stopped_count=0, restarted_count=0
 full_count=0

Compilation events (20 events):
Event: 0.245 Thread 0x0000029eb2fbb5d0  270       1       java.lang.StringLatin1::lastIndexOf (40 bytes)
Event: 0.245 Thread 0x0000029eb2fbb5d0 nmethod 270 0x0000029e9822d610 code [0x0000029e9822d7c0, 0x0000029e9822d938]
Event: 0.245 Thread 0x0000029eb2fbb5d0  271       1       sun.nio.cs.UTF_8$Decoder::isMalformed3 (45 bytes)
Event: 0.245 Thread 0x0000029eb2fbb5d0 nmethod 271 0x0000029e9822da10 code [0x0000029e9822dba0, 0x0000029e9822dc98]
Event: 0.249 Thread 0x0000029eb2fbb5d0  272       1       java.lang.String::startsWith (138 bytes)
Event: 0.250 Thread 0x0000029eb2fbb5d0 nmethod 272 0x0000029e9822dd10 code [0x0000029e9822dec0, 0x0000029e9822e178]
Event: 0.250 Thread 0x0000029eb2fbb5d0  273       1       java.lang.StringUTF16::compress (50 bytes)
Event: 0.250 Thread 0x0000029eb2fbb5d0 nmethod 273 0x0000029e9822e310 code [0x0000029e9822e4a0, 0x0000029e9822e5d8]
Event: 0.252 Thread 0x0000029eb2fbb5d0  274       1       java.util.zip.ZipFile$Source::getEntryHash (7 bytes)
Event: 0.252 Thread 0x0000029eb2fbb5d0 nmethod 274 0x0000029e9822e710 code [0x0000029e9822e8a0, 0x0000029e9822e998]
Event: 0.252 Thread 0x0000029eb2fbb5d0  275       1       java.net.URL::getRef (5 bytes)
Event: 0.252 Thread 0x0000029eb2fbb5d0 nmethod 275 0x0000029e9822ea90 code [0x0000029e9822ec20, 0x0000029e9822ecf8]
Event: 0.254 Thread 0x0000029eb2fbb5d0  276       1       java.io.RandomAccessFile::seek (22 bytes)
Event: 0.254 Thread 0x0000029eb2fbb5d0 nmethod 276 0x0000029e9822f190 code [0x0000029e9822f340, 0x0000029e9822f498]
Event: 0.255 Thread 0x0000029eb2fbb5d0  278       1       java.util.zip.ZipFile$Source::getEntryNext (9 bytes)
Event: 0.255 Thread 0x0000029eb2fbb5d0 nmethod 278 0x0000029e9822f590 code [0x0000029e9822f720, 0x0000029e9822f818]
Event: 0.255 Thread 0x0000029eb2fbb5d0  279       1       java.util.zip.ZipFile::ensureOpen (40 bytes)
Event: 0.255 Thread 0x0000029eb2fbb5d0 nmethod 279 0x0000029e9822f910 code [0x0000029e9822fae0, 0x0000029e9822fcb8]
Event: 0.256 Thread 0x0000029eb2fbb5d0  280       1       java.util.ArrayList::size (5 bytes)
Event: 0.256 Thread 0x0000029eb2fbb5d0 nmethod 280 0x0000029e9822fe10 code [0x0000029e9822ffa0, 0x0000029e98230078]

GC Heap History (0 events):
No events

Deoptimization events (0 events):
No events

Classes unloaded (0 events):
No events

Classes redefined (0 events):
No events

Internal exceptions (0 events):
No events

Events (20 events):
Event: 0.178 Loaded shared library C:\Users\帅得惊动党中央\.jdks\corretto-16.0.2\bin\net.dll
Event: 0.181 Loaded shared library C:\Users\帅得惊动党中央\.jdks\corretto-16.0.2\bin\nio.dll
Event: 0.185 Loaded shared library C:\Users\帅得惊动党中央\.jdks\corretto-16.0.2\bin\zip.dll
Event: 0.248 loading class java/io/BufferedReader
Event: 0.248 loading class java/io/Reader
Event: 0.248 loading class java/io/Reader done
Event: 0.248 loading class java/io/BufferedReader done
Event: 0.248 loading class java/io/InputStreamReader
Event: 0.248 loading class java/io/InputStreamReader done
Event: 0.248 loading class sun/nio/cs/StreamDecoder
Event: 0.249 loading class sun/nio/cs/StreamDecoder done
Event: 0.249 loading class java/util/Vector
Event: 0.249 loading class java/util/Vector done
Event: 0.255 loading class sun/instrument/InstrumentationImpl$1
Event: 0.255 loading class sun/instrument/InstrumentationImpl$1 done
Event: 0.257 Loaded shared library D:\Program Files\IntelliJ IDEA 2021.1.2\bin\breakgen64.dll
Event: 0.258 Thread 0x0000029eb4468a40 Thread added: 0x0000029eb4468a40
Event: 0.259 Thread 0x0000029eb4468f60 Thread added: 0x0000029eb4468f60
Event: 0.259 loading class jdk/internal/agent/Agent
Event: 0.259 loading class jdk/internal/agent/Agent done


Dynamic libraries:
0x00007ff66b040000 - 0x00007ff66b04d000 	C:\Users\帅得惊动党中央\.jdks\corretto-16.0.2\bin\java.exe
0x00007ffdb7b30000 - 0x00007ffdb7d25000 	C:\WINDOWS\SYSTEM32\ntdll.dll
0x00007ffdb7400000 - 0x00007ffdb74be000 	C:\WINDOWS\System32\KERNEL32.DLL
0x00007ffdb5520000 - 0x00007ffdb57e8000 	C:\WINDOWS\System32\KERNELBASE.dll
0x00007ffdb23c0000 - 0x00007ffdb2450000 	C:\WINDOWS\SYSTEM32\apphelp.dll
0x00007ffdb5a90000 - 0x00007ffdb5b90000 	C:\WINDOWS\System32\ucrtbase.dll
0x00007ffdafd30000 - 0x00007ffdafd48000 	C:\Users\帅得惊动党中央\.jdks\corretto-16.0.2\bin\jli.dll
0x00007ffdafd10000 - 0x00007ffdafd25000 	C:\Users\帅得惊动党中央\.jdks\corretto-16.0.2\bin\VCRUNTIME140.dll
0x00007ffdb6120000 - 0x00007ffdb62c0000 	C:\WINDOWS\System32\USER32.dll
0x00007ffdb5860000 - 0x00007ffdb5882000 	C:\WINDOWS\System32\win32u.dll
0x00007ffdb7770000 - 0x00007ffdb779b000 	C:\WINDOWS\System32\GDI32.dll
0x00007ffdb52e0000 - 0x00007ffdb53eb000 	C:\WINDOWS\System32\gdi32full.dll
0x00007ffdb59f0000 - 0x00007ffdb5a8d000 	C:\WINDOWS\System32\msvcp_win.dll
0x00007ffd9bff0000 - 0x00007ffd9c28a000 	C:\WINDOWS\WinSxS\amd64_microsoft.windows.common-controls_6595b64144ccf1df_6.0.19041.1110_none_60b5254171f9507e\COMCTL32.dll
0x00007ffdb6380000 - 0x00007ffdb641e000 	C:\WINDOWS\System32\msvcrt.dll
0x00007ffdb7ac0000 - 0x00007ffdb7af0000 	C:\WINDOWS\System32\IMM32.DLL
0x00007ffd90ca0000 - 0x00007ffd90d3b000 	C:\Users\帅得惊动党中央\.jdks\corretto-16.0.2\bin\msvcp140.dll
0x00007ffd79a40000 - 0x00007ffd7a649000 	C:\Users\帅得惊动党中央\.jdks\corretto-16.0.2\bin\server\jvm.dll
0x00007ffdb6a10000 - 0x00007ffdb6abe000 	C:\WINDOWS\System32\ADVAPI32.dll
0x00007ffdb7670000 - 0x00007ffdb770c000 	C:\WINDOWS\System32\sechost.dll
0x00007ffdb78e0000 - 0x00007ffdb7a05000 	C:\WINDOWS\System32\RPCRT4.dll
0x00007ffdb7230000 - 0x00007ffdb7238000 	C:\WINDOWS\System32\PSAPI.DLL
0x00007ffd92030000 - 0x00007ffd92039000 	C:\WINDOWS\SYSTEM32\WSOCK32.dll
0x00007ffda8200000 - 0x00007ffda8227000 	C:\WINDOWS\SYSTEM32\WINMM.dll
0x00007ffdb7250000 - 0x00007ffdb72bb000 	C:\WINDOWS\System32\WS2_32.dll
0x00007ffdac490000 - 0x00007ffdac49a000 	C:\WINDOWS\SYSTEM32\VERSION.dll
0x00007ffdb3af0000 - 0x00007ffdb3b02000 	C:\WINDOWS\SYSTEM32\kernel.appcore.dll
0x00007ffdab1d0000 - 0x00007ffdab1da000 	C:\Users\帅得惊动党中央\.jdks\corretto-16.0.2\bin\jimage.dll
0x00007ffdb3810000 - 0x00007ffdb39f4000 	C:\WINDOWS\SYSTEM32\DBGHELP.DLL
0x00007ffda3ce0000 - 0x00007ffda3d0c000 	C:\WINDOWS\SYSTEM32\dbgcore.DLL
0x00007ffdb5250000 - 0x00007ffdb52d2000 	C:\WINDOWS\System32\bcryptPrimitives.dll
0x00007ffd941e0000 - 0x00007ffd941ee000 	C:\Users\帅得惊动党中央\.jdks\corretto-16.0.2\bin\instrument.dll
0x00007ffdab1a0000 - 0x00007ffdab1c5000 	C:\Users\帅得惊动党中央\.jdks\corretto-16.0.2\bin\java.dll
0x00007ffdb6ac0000 - 0x00007ffdb7204000 	C:\WINDOWS\System32\SHELL32.dll
0x00007ffdb2fa0000 - 0x00007ffdb3734000 	C:\WINDOWS\SYSTEM32\windows.storage.dll
0x00007ffdb5cf0000 - 0x00007ffdb6044000 	C:\WINDOWS\System32\combase.dll
0x00007ffdb4be0000 - 0x00007ffdb4c0c000 	C:\WINDOWS\SYSTEM32\Wldp.dll
0x00007ffdb7a10000 - 0x00007ffdb7abd000 	C:\WINDOWS\System32\SHCORE.dll
0x00007ffdb62c0000 - 0x00007ffdb6315000 	C:\WINDOWS\System32\shlwapi.dll
0x00007ffdb5190000 - 0x00007ffdb51af000 	C:\WINDOWS\SYSTEM32\profapi.dll
0x00007ffd92310000 - 0x00007ffd92328000 	C:\Users\帅得惊动党中央\.jdks\corretto-16.0.2\bin\zip.dll
0x00007ffd942c0000 - 0x00007ffd942d9000 	C:\Users\帅得惊动党中央\.jdks\corretto-16.0.2\bin\net.dll
0x00007ffda7450000 - 0x00007ffda7559000 	C:\WINDOWS\SYSTEM32\WINHTTP.dll
0x00007ffdb4940000 - 0x00007ffdb49aa000 	C:\WINDOWS\system32\mswsock.dll
0x00007ffd93b50000 - 0x00007ffd93b63000 	C:\Users\帅得惊动党中央\.jdks\corretto-16.0.2\bin\nio.dll
0x00007ffd921f0000 - 0x00007ffd9220a000 	D:\Program Files\IntelliJ IDEA 2021.1.2\bin\breakgen64.dll

dbghelp: loaded successfully - version: 4.0.5 - missing functions: none
symbol engine: initialized successfully - sym options: 0x614 - pdb path: .;C:\Users\帅得惊动党中央\.jdks\corretto-16.0.2\bin;C:\WINDOWS\SYSTEM32;C:\WINDOWS\WinSxS\amd64_microsoft.windows.common-controls_6595b64144ccf1df_6.0.19041.1110_none_60b5254171f9507e;C:\Users\帅得惊动党中央\.jdks\corretto-16.;C:\Users\帅得惊动党中央\.jdks\corre;C:\Users\帅得惊动党中央\.jdk;C:\Users\帅得惊动党中;C:\Users\帅得惊;C:\Users\帅得惊动党中央\.jdks\corretto-16.0.2\bin\server

VM Arguments:
jvm_args: -XX:TieredStopAtLevel=1 -Xverify:none -Dspring.output.ansi.enabled=always -javaagent:D:\Program Files\IntelliJ IDEA 2021.1.2\lib\idea_rt.jar=52184:D:\Program Files\IntelliJ IDEA 2021.1.2\bin -Dcom.sun.management.jmxremote -Dspring.jmx.enabled=true -Dspring.liveBeansView.mbeanDomain -Dspring.application.admin.enabled=true -Dfile.encoding=UTF-8 
java_command: main.biggreenbook.BigGreenBookApplication
java_class_path (initial): D:\Workspace\GreenBook\big-green-book\target\classes;C:\Users\帅得惊动党中央\.m2\repository\org\springframework\boot\spring-boot-starter-web\2.6.4\spring-boot-starter-web-2.6.4.jar;C:\Users\帅得惊动党中央\.m2\repository\org\springframework\boot\spring-boot-starter\2.6.4\spring-boot-starter-2.6.4.jar;C:\Users\帅得惊动党中央\.m2\repository\org\springframework\boot\spring-boot\2.6.4\spring-boot-2.6.4.jar;C:\Users\帅得惊动党中央\.m2\repository\org\springframework\boot\spring-boot-autoconfigure\2.6.4\spring-boot-autoconfigure-2.6.4.jar;C:\Users\帅得惊动党中央\.m2\repository\org\springframework\boot\spring-boot-starter-logging\2.6.4\spring-boot-starter-logging-2.6.4.jar;C:\Users\帅得惊动党中央\.m2\repository\ch\qos\logback\logback-classic\1.2.10\logback-classic-1.2.10.jar;C:\Users\帅得惊动党中央\.m2\repository\ch\qos\logback\logback-core\1.2.10\logback-core-1.2.10.jar;C:\Users\帅得惊动党中央\.m2\repository\org\apache\logging\log4j\log4j-to-slf4j\2.17.1\log4j-to-slf4j-2.17.1.jar;C:\Users\帅得惊动党中央\.m2\repository\org\apache\logging\log4j\log4j-api\2.17.1\log4j-api-2.17.1.jar;C:\Users\帅得惊动党中央\.m2\repository\org\slf4j\jul-to-slf4j\1.7.36\jul-to-slf4j-1.7.36.jar;C:\Users\帅得惊动党中央\.m2\repository\jakarta\annotation\jakarta.annotation-api\1.3.5\jakarta.annotation-api-1.3.5.jar;C:\Users\帅得惊动党中央\.m2\repository\org\yaml\snakeyaml\1.29\snakeyaml-1.29.jar;C:\Users\帅得惊动党中央\.m2\repository\org\springframework\boot\spring-boot-starter-json\2.6.4\spring-boot-starter-json-2.6.4.jar;C:\Users\帅得惊动党中央\.m2\repository\com\fasterxml\jackson\core\jackson-databind\2.13.1\jackson-databind-2.13.1.jar;C:\Users\帅得惊动党中央\.m2\repository\com\fasterxml\jackson\core\jackson-annotations\2.13.1\jackson-annotations-2.13.1.jar;C:\Users\帅得惊动党中央\.m2\repository\com\fasterxml\jackson\core\jackson-core\2.13.1\jackson-core-2.13.1.jar;C:\Users\帅得惊动党中央\.m2\repository\com\fasterxml\jackson\datatype\jackson-datatype-jdk8\2.13.1\jackso
Launcher Type: SUN_STANDARD

[Global flags]
     intx CICompilerCount                          = 4                                         {product} {ergonomic}
     uint ConcGCThreads                            = 2                                         {product} {ergonomic}
     uint G1ConcRefinementThreads                  = 8                                         {product} {ergonomic}
   size_t G1HeapRegionSize                         = 2097152                                   {product} {ergonomic}
    uintx GCDrainStackTargetSize                   = 64                                        {product} {ergonomic}
   size_t InitialHeapSize                          = 268435456                                 {product} {ergonomic}
     bool ManagementServer                         = true                                      {product} {command line}
   size_t MarkStackSize                            = 4194304                                   {product} {ergonomic}
   size_t MaxHeapSize                              = 4276092928                                {product} {ergonomic}
   size_t MaxNewSize                               = 2564816896                                {product} {ergonomic}
   size_t MinHeapDeltaBytes                        = 2097152                                   {product} {ergonomic}
   size_t MinHeapSize                              = 8388608                                   {product} {ergonomic}
    uintx NonNMethodCodeHeapSize                   = 7549744                                {pd product} {ergonomic}
    uintx NonProfiledCodeHeapSize                  = 244108496                              {pd product} {ergonomic}
    uintx ProfiledCodeHeapSize                     = 0                                      {pd product} {ergonomic}
    uintx ReservedCodeCacheSize                    = 251658240                              {pd product} {ergonomic}
     bool SegmentedCodeCache                       = true                                      {product} {ergonomic}
   size_t SoftMaxHeapSize                          = 4276092928                             {manageable} {ergonomic}
     intx TieredStopAtLevel                        = 1                                         {product} {command line}
     bool UseCompressedClassPointers               = true                           {product lp64_product} {ergonomic}
     bool UseCompressedOops                        = true                           {product lp64_product} {ergonomic}
     bool UseG1GC                                  = true                                      {product} {ergonomic}
     bool UseLargePagesIndividualAllocation        = false                                  {pd product} {ergonomic}

Logging:
Log output configuration:
 #0: stdout all=warning uptime,level,tags
 #1: stderr all=off uptime,level,tags

Environment Variables:
JAVA_HOME=C:\Program Files\Java\jdk-13.0.1\
CLASSPATH=C:\Program Files\Java\jdk-13.0.1\\bin;C:\Program Files\Java\jdk-13.0.1\\jre\bin;D:\Program Files\apache-maven-3.8.1
PATH=D:\OracleDatabase_11gR2\product\11.2.0\dbhome_1\bin;C:\Program Files (x86)\Common Files\Oracle\Java\javapath;C:\Program Files (x86)\NVIDIA Corporation\PhysX\Common;%;C:\WINDOWS\system32;C:\WINDOWS;C:\WINDOWS\System32\Wbem;C:\WINDOWS\System32\WindowsPowerShell\v1.0\;C:\WINDOWS\System32\OpenSSH\;D:\Program Files\Matlab\runtime\win64;D:\Program Files\Matlab\bin;D:\Program Files\Matlab\polyspace\bin;D:\Program Files\Maven\apache-maven-3.8.1\apache-maven\src\bin;C:\Program Files\Java\jdk-13.0.1\\bin;D:\Program Files\apache-maven-3.8.1\\bin;C:\Program Files (x86)\Microsoft SQL Server\150\DTS\Binn\;C:\Program Files\Azure Data Studio\bin;"D:\Program Files\tomcat\bin;";D:\Program Files\tomcat\lib;D:\Git\cmd;;D:\Program Files\微信web开发者工具\dll;D:\Program Files\NodeJs\;C:\Program Files\MySQL\MySQL Shell 8.0\bin\;D:\python\Scripts\;D:\python\;C:\Program Files\Java\jdk-13.0.1\bin;D:\IntelliJ IDEA Community Edition 2019.3.2\bin;D:\Fiddler;C:\Users\帅得惊动党中央\AppData\Local\Microsoft\WindowsApps;D:\Microsoft VS Code\bin;C:\Program Files\JetBrains\PyCharm Community Edition 2020.3.3\bin;D:\Program Files\apache-maven-3.8.1;D:\Program Files\Maven\apache-maven-3.8.1\bin;D:\Program Files\IntelliJ IDEA 2021.1.1\bin;C:\Users\帅得惊动党中央\AppData\Roaming\npm
USERNAME=帅得惊动党中央
OS=Windows_NT
PROCESSOR_IDENTIFIER=Intel64 Family 6 Model 158 Stepping 10, GenuineIntel



---------------  S Y S T E M  ---------------

OS:
 Windows 10 , 64 bit Build 19041 (10.0.19041.1566)
OS uptime: 0 days 10:34 hours

CPU: total 8 (initial active 8) (4 cores per cpu, 2 threads per core) family 6 model 158 stepping 10 microcode 0xb4, cx8, cmov, fxsr, ht, mmx, 3dnowpref, sse, sse2, sse3, ssse3, sse4.1, sse4.2, popcnt, lzcnt, tsc, tscinvbit, avx, avx2, aes, erms, clmul, bmi1, bmi2, adx, fma, vzeroupper, clflush, clflushopt

Memory: 4k page, system-wide physical 16304M (4525M free)
TotalPageFile size 24496M (AvailPageFile size 168M)
current process WorkingSet (physical memory assigned to process): 37M, peak: 37M
current process commit charge ("private bytes"): 343M, peak: 343M

vm_info: OpenJDK 64-Bit Server VM (16.0.2+7) for windows-amd64 JRE (16.0.2+7), built on Jul 22 2021 01:11:46 by "Administrator" with MS VC++ 15.9 (VS2017)

END.
