#
# There is insufficient memory for the Java Runtime Environment to continue.
# Native memory allocation (mmap) failed to map 65536 bytes for Failed to commit metaspace.
# Possible reasons:
#   The system is out of physical RAM or swap space
#   The process is running with CompressedOops enabled, and the Java Heap may be blocking the growth of the native heap
# Possible solutions:
#   Reduce memory load on the system
#   Increase physical memory or swap space
#   Check if swap backing store is full
#   Decrease Java heap size (-Xmx/-Xms)
#   Decrease number of Java threads
#   Decrease Java thread stack sizes (-Xss)
#   Set larger code cache with -XX:ReservedCodeCacheSize=
#   JVM is running with Zero Based Compressed Oops mode in which the Java heap is
#     placed in the first 32GB address space. The Java Heap base address is the
#     maximum limit for the native heap growth. Please use -XX:HeapBaseMinAddress
#     to set the Java Heap base and to place the Java Heap above 32GB virtual address.
# This output file may be truncated or incomplete.
#
#  Out of Memory Error (virtualSpaceNode.cpp:108), pid=24296, tid=26028
#
# JRE version: OpenJDK Runtime Environment Corretto-16.0.2.7.1 (16.0.2+7) (build 16.0.2+7)
# Java VM: OpenJDK 64-Bit Server VM Corretto-16.0.2.7.1 (16.0.2+7, mixed mode, sharing, tiered, compressed oops, compressed class ptrs, g1 gc, windows-amd64)
# No core dump will be written. Minidumps are not enabled by default on client versions of Windows
#

---------------  S U M M A R Y ------------

Command Line: -XX:TieredStopAtLevel=1 -Xverify:none -Dspring.output.ansi.enabled=always -javaagent:D:\Program Files\IntelliJ IDEA 2021.1.2\lib\idea_rt.jar=52167:D:\Program Files\IntelliJ IDEA 2021.1.2\bin -Dcom.sun.management.jmxremote -Dspring.jmx.enabled=true -Dspring.liveBeansView.mbeanDomain -Dspring.application.admin.enabled=true -Dfile.encoding=UTF-8 main.biggreenbook.BigGreenBookApplication

Host: Intel(R) Core(TM) i5-9300H CPU @ 2.40GHz, 8 cores, 15G,  Windows 10 , 64 bit Build 19041 (10.0.19041.1566)
Time: Sun Apr 10 22:48:16 2022  Windows 10 , 64 bit Build 19041 (10.0.19041.1566) elapsed time: 0.140653 seconds (0d 0h 0m 0s)

---------------  T H R E A D  ---------------

Current thread (0x0000020219041910):  JavaThread "main" [_thread_in_vm, id=26028, stack(0x00000078fb400000,0x00000078fb500000)]

Stack: [0x00000078fb400000,0x00000078fb500000]
Native frames: (J=compiled Java code, j=interpreted, Vv=VM code, C=native code)
V  [jvm.dll+0x647e0a]
V  [jvm.dll+0x7f0549]
V  [jvm.dll+0x7f1cfe]
V  [jvm.dll+0x7f2343]
V  [jvm.dll+0x23dd88]
V  [jvm.dll+0x7ecd8b]
V  [jvm.dll+0x5ef1d6]
V  [jvm.dll+0x5ef23a]
V  [jvm.dll+0x5f1728]
V  [jvm.dll+0x5efad1]
V  [jvm.dll+0x6001f9]
V  [jvm.dll+0x5f97cc]
V  [jvm.dll+0x36c65a]
C  0x00000202231dcb5f

Java frames: (J=compiled Java code, j=interpreted, Vv=VM code)
j  java.lang.StringCoding$StringEncoder.<init>(Ljava/nio/charset/Charset;Ljava/lang/String;)V+0 java.base@16.0.2
j  java.lang.StringCoding.encode(Ljava/lang/String;B[B)[B+115 java.base@16.0.2
j  java.lang.String.getBytes(Ljava/lang/String;)[B+21 java.base@16.0.2
v  ~StubRoutines::call_stub
j  jdk.internal.loader.NativeLibraries.findBuiltinLib(Ljava/lang/String;)Ljava/lang/String;+0 java.base@16.0.2
j  jdk.internal.loader.NativeLibraries.loadLibrary(Ljava/lang/Class;Ljava/io/File;)Ljdk/internal/loader/NativeLibrary;+4 java.base@16.0.2
j  jdk.internal.loader.NativeLibraries.findFromPaths([Ljava/lang/String;Ljava/lang/Class;Ljava/lang/String;)Ljdk/internal/loader/NativeLibrary;+44 java.base@16.0.2
j  jdk.internal.loader.NativeLibraries.loadLibrary(Ljava/lang/Class;Ljava/lang/String;)Ljdk/internal/loader/NativeLibrary;+30 java.base@16.0.2
j  java.lang.ClassLoader.loadLibrary(Ljava/lang/Class;Ljava/lang/String;)Ljdk/internal/loader/NativeLibrary;+22 java.base@16.0.2
j  java.lang.Runtime.loadLibrary0(Ljava/lang/Class;Ljava/lang/String;)V+53 java.base@16.0.2
j  java.lang.System.loadLibrary(Ljava/lang/String;)V+7 java.base@16.0.2
j  sun.instrument.InstrumentationImpl.<clinit>()V+3 java.instrument@16.0.2
v  ~StubRoutines::call_stub

---------------  P R O C E S S  ---------------

Threads class SMR info:
_java_thread_list=0x000002023f8d0870, length=10, elements={
0x0000020219041910, 0x000002023eeae210, 0x000002023eeaf0d0, 0x000002023eec3ed0,
0x000002023eec7c00, 0x000002023eec8920, 0x000002023eec9230, 0x000002023eecbb50,
0x000002023eededb0, 0x000002023ee90a80
}

Java Threads: ( => current thread )
=>0x0000020219041910 JavaThread "main" [_thread_in_vm, id=26028, stack(0x00000078fb400000,0x00000078fb500000)]
  0x000002023eeae210 JavaThread "Reference Handler" daemon [_thread_blocked, id=12412, stack(0x00000078fbb00000,0x00000078fbc00000)]
  0x000002023eeaf0d0 JavaThread "Finalizer" daemon [_thread_blocked, id=27344, stack(0x00000078fbc00000,0x00000078fbd00000)]
  0x000002023eec3ed0 JavaThread "Signal Dispatcher" daemon [_thread_blocked, id=13800, stack(0x00000078fbd00000,0x00000078fbe00000)]
  0x000002023eec7c00 JavaThread "Attach Listener" daemon [_thread_blocked, id=6952, stack(0x00000078fbe00000,0x00000078fbf00000)]
  0x000002023eec8920 JavaThread "Service Thread" daemon [_thread_blocked, id=22824, stack(0x00000078fbf00000,0x00000078fc000000)]
  0x000002023eec9230 JavaThread "Monitor Deflation Thread" daemon [_thread_blocked, id=26496, stack(0x00000078fc000000,0x00000078fc100000)]
  0x000002023eecbb50 JavaThread "C1 CompilerThread0" daemon [_thread_blocked, id=24496, stack(0x00000078fc100000,0x00000078fc200000)]
  0x000002023eededb0 JavaThread "Sweeper thread" daemon [_thread_blocked, id=19408, stack(0x00000078fc200000,0x00000078fc300000)]
  0x000002023ee90a80 JavaThread "Common-Cleaner" daemon [_thread_blocked, id=26364, stack(0x00000078fc300000,0x00000078fc400000)]

Other Threads:
  0x000002023eea95c0 VMThread "VM Thread" [stack: 0x00000078fba00000,0x00000078fbb00000] [id=15508]
  0x000002021908fd00 GCTaskThread "GC Thread#0" [stack: 0x00000078fb500000,0x00000078fb600000] [id=24784]
  0x00000202190a0c10 ConcurrentGCThread "G1 Main Marker" [stack: 0x00000078fb600000,0x00000078fb700000] [id=3140]
  0x00000202190a2e30 ConcurrentGCThread "G1 Conc#0" [stack: 0x00000078fb700000,0x00000078fb800000] [id=22764]
  0x000002023ed5c110 ConcurrentGCThread "G1 Refine#0" [stack: 0x00000078fb800000,0x00000078fb900000] [id=13044]
  0x000002023ed5cb90 ConcurrentGCThread "G1 Service" [stack: 0x00000078fb900000,0x00000078fba00000] [id=15048]

Threads with active compile tasks:

VM state: not at safepoint (normal execution)

VM Mutex/Monitor currently owned by a thread:  ([mutex/lock_event])
[0x000002021903b620] MetaspaceExpand_lock - owner thread: 0x0000020219041910

Heap address: 0x0000000701200000, size: 4078 MB, Compressed Oops mode: Zero based, Oop shift amount: 3

CDS archive(s) mapped at: [0x0000000800000000-0x0000000800be0000-0x0000000800be0000), size 12451840, SharedBaseAddress: 0x0000000800000000, ArchiveRelocationMode: 0.
Compressed class space mapped at: 0x0000000800c00000-0x0000000840c00000, reserved size: 1073741824
Narrow klass base: 0x0000000800000000, Narrow klass shift: 3, Narrow klass range: 0x100000000

GC Precious Log:
 CPUs: 8 total, 8 available
 Memory: 16304M
 Large Page Support: Disabled
 NUMA Support: Disabled
 Compressed Oops: Enabled (Zero based)
 Heap Region Size: 2M
 Heap Min Capacity: 8M
 Heap Initial Capacity: 256M
 Heap Max Capacity: 4078M
 Pre-touch: Disabled
 Parallel Workers: 8
 Concurrent Workers: 2
 Concurrent Refinement Workers: 8
 Periodic GC: Disabled

Heap:
 garbage-first heap   total 262144K, used 2048K [0x0000000701200000, 0x0000000800000000)
  region size 2048K, 2 young (4096K), 0 survivors (0K)
 Metaspace       used 266K, committed 448K, reserved 1056768K
  class space    used 9K, committed 128K, reserved 1048576K

Heap Regions: E=young(eden), S=young(survivor), O=old, HS=humongous(starts), HC=humongous(continues), CS=collection set, F=free, OA=open archive, CA=closed archive, TAMS=top-at-mark-start (previous, next)
|   0|0x0000000701200000, 0x0000000701200000, 0x0000000701400000|  0%| F|  |TAMS 0x0000000701200000, 0x0000000701200000| Untracked 
|   1|0x0000000701400000, 0x0000000701400000, 0x0000000701600000|  0%| F|  |TAMS 0x0000000701400000, 0x0000000701400000| Untracked 
|   2|0x0000000701600000, 0x0000000701600000, 0x0000000701800000|  0%| F|  |TAMS 0x0000000701600000, 0x0000000701600000| Untracked 
|   3|0x0000000701800000, 0x0000000701800000, 0x0000000701a00000|  0%| F|  |TAMS 0x0000000701800000, 0x0000000701800000| Untracked 
|   4|0x0000000701a00000, 0x0000000701a00000, 0x0000000701c00000|  0%| F|  |TAMS 0x0000000701a00000, 0x0000000701a00000| Untracked 
|   5|0x0000000701c00000, 0x0000000701c00000, 0x0000000701e00000|  0%| F|  |TAMS 0x0000000701c00000, 0x0000000701c00000| Untracked 
|   6|0x0000000701e00000, 0x0000000701e00000, 0x0000000702000000|  0%| F|  |TAMS 0x0000000701e00000, 0x0000000701e00000| Untracked 
|   7|0x0000000702000000, 0x0000000702000000, 0x0000000702200000|  0%| F|  |TAMS 0x0000000702000000, 0x0000000702000000| Untracked 
|   8|0x0000000702200000, 0x0000000702200000, 0x0000000702400000|  0%| F|  |TAMS 0x0000000702200000, 0x0000000702200000| Untracked 
|   9|0x0000000702400000, 0x0000000702400000, 0x0000000702600000|  0%| F|  |TAMS 0x0000000702400000, 0x0000000702400000| Untracked 
|  10|0x0000000702600000, 0x0000000702600000, 0x0000000702800000|  0%| F|  |TAMS 0x0000000702600000, 0x0000000702600000| Untracked 
|  11|0x0000000702800000, 0x0000000702800000, 0x0000000702a00000|  0%| F|  |TAMS 0x0000000702800000, 0x0000000702800000| Untracked 
|  12|0x0000000702a00000, 0x0000000702a00000, 0x0000000702c00000|  0%| F|  |TAMS 0x0000000702a00000, 0x0000000702a00000| Untracked 
|  13|0x0000000702c00000, 0x0000000702c00000, 0x0000000702e00000|  0%| F|  |TAMS 0x0000000702c00000, 0x0000000702c00000| Untracked 
|  14|0x0000000702e00000, 0x0000000702e00000, 0x0000000703000000|  0%| F|  |TAMS 0x0000000702e00000, 0x0000000702e00000| Untracked 
|  15|0x0000000703000000, 0x0000000703000000, 0x0000000703200000|  0%| F|  |TAMS 0x0000000703000000, 0x0000000703000000| Untracked 
|  16|0x0000000703200000, 0x0000000703200000, 0x0000000703400000|  0%| F|  |TAMS 0x0000000703200000, 0x0000000703200000| Untracked 
|  17|0x0000000703400000, 0x0000000703400000, 0x0000000703600000|  0%| F|  |TAMS 0x0000000703400000, 0x0000000703400000| Untracked 
|  18|0x0000000703600000, 0x0000000703600000, 0x0000000703800000|  0%| F|  |TAMS 0x0000000703600000, 0x0000000703600000| Untracked 
|  19|0x0000000703800000, 0x0000000703800000, 0x0000000703a00000|  0%| F|  |TAMS 0x0000000703800000, 0x0000000703800000| Untracked 
|  20|0x0000000703a00000, 0x0000000703a00000, 0x0000000703c00000|  0%| F|  |TAMS 0x0000000703a00000, 0x0000000703a00000| Untracked 
|  21|0x0000000703c00000, 0x0000000703c00000, 0x0000000703e00000|  0%| F|  |TAMS 0x0000000703c00000, 0x0000000703c00000| Untracked 
|  22|0x0000000703e00000, 0x0000000703e00000, 0x0000000704000000|  0%| F|  |TAMS 0x0000000703e00000, 0x0000000703e00000| Untracked 
|  23|0x0000000704000000, 0x0000000704000000, 0x0000000704200000|  0%| F|  |TAMS 0x0000000704000000, 0x0000000704000000| Untracked 
|  24|0x0000000704200000, 0x0000000704200000, 0x0000000704400000|  0%| F|  |TAMS 0x0000000704200000, 0x0000000704200000| Untracked 
|  25|0x0000000704400000, 0x0000000704400000, 0x0000000704600000|  0%| F|  |TAMS 0x0000000704400000, 0x0000000704400000| Untracked 
|  26|0x0000000704600000, 0x0000000704600000, 0x0000000704800000|  0%| F|  |TAMS 0x0000000704600000, 0x0000000704600000| Untracked 
|  27|0x0000000704800000, 0x0000000704800000, 0x0000000704a00000|  0%| F|  |TAMS 0x0000000704800000, 0x0000000704800000| Untracked 
|  28|0x0000000704a00000, 0x0000000704a00000, 0x0000000704c00000|  0%| F|  |TAMS 0x0000000704a00000, 0x0000000704a00000| Untracked 
|  29|0x0000000704c00000, 0x0000000704c00000, 0x0000000704e00000|  0%| F|  |TAMS 0x0000000704c00000, 0x0000000704c00000| Untracked 
|  30|0x0000000704e00000, 0x0000000704e00000, 0x0000000705000000|  0%| F|  |TAMS 0x0000000704e00000, 0x0000000704e00000| Untracked 
|  31|0x0000000705000000, 0x0000000705000000, 0x0000000705200000|  0%| F|  |TAMS 0x0000000705000000, 0x0000000705000000| Untracked 
|  32|0x0000000705200000, 0x0000000705200000, 0x0000000705400000|  0%| F|  |TAMS 0x0000000705200000, 0x0000000705200000| Untracked 
|  33|0x0000000705400000, 0x0000000705400000, 0x0000000705600000|  0%| F|  |TAMS 0x0000000705400000, 0x0000000705400000| Untracked 
|  34|0x0000000705600000, 0x0000000705600000, 0x0000000705800000|  0%| F|  |TAMS 0x0000000705600000, 0x0000000705600000| Untracked 
|  35|0x0000000705800000, 0x0000000705800000, 0x0000000705a00000|  0%| F|  |TAMS 0x0000000705800000, 0x0000000705800000| Untracked 
|  36|0x0000000705a00000, 0x0000000705a00000, 0x0000000705c00000|  0%| F|  |TAMS 0x0000000705a00000, 0x0000000705a00000| Untracked 
|  37|0x0000000705c00000, 0x0000000705c00000, 0x0000000705e00000|  0%| F|  |TAMS 0x0000000705c00000, 0x0000000705c00000| Untracked 
|  38|0x0000000705e00000, 0x0000000705e00000, 0x0000000706000000|  0%| F|  |TAMS 0x0000000705e00000, 0x0000000705e00000| Untracked 
|  39|0x0000000706000000, 0x0000000706000000, 0x0000000706200000|  0%| F|  |TAMS 0x0000000706000000, 0x0000000706000000| Untracked 
|  40|0x0000000706200000, 0x0000000706200000, 0x0000000706400000|  0%| F|  |TAMS 0x0000000706200000, 0x0000000706200000| Untracked 
|  41|0x0000000706400000, 0x0000000706400000, 0x0000000706600000|  0%| F|  |TAMS 0x0000000706400000, 0x0000000706400000| Untracked 
|  42|0x0000000706600000, 0x0000000706600000, 0x0000000706800000|  0%| F|  |TAMS 0x0000000706600000, 0x0000000706600000| Untracked 
|  43|0x0000000706800000, 0x0000000706800000, 0x0000000706a00000|  0%| F|  |TAMS 0x0000000706800000, 0x0000000706800000| Untracked 
|  44|0x0000000706a00000, 0x0000000706a00000, 0x0000000706c00000|  0%| F|  |TAMS 0x0000000706a00000, 0x0000000706a00000| Untracked 
|  45|0x0000000706c00000, 0x0000000706c00000, 0x0000000706e00000|  0%| F|  |TAMS 0x0000000706c00000, 0x0000000706c00000| Untracked 
|  46|0x0000000706e00000, 0x0000000706e00000, 0x0000000707000000|  0%| F|  |TAMS 0x0000000706e00000, 0x0000000706e00000| Untracked 
|  47|0x0000000707000000, 0x0000000707000000, 0x0000000707200000|  0%| F|  |TAMS 0x0000000707000000, 0x0000000707000000| Untracked 
|  48|0x0000000707200000, 0x0000000707200000, 0x0000000707400000|  0%| F|  |TAMS 0x0000000707200000, 0x0000000707200000| Untracked 
|  49|0x0000000707400000, 0x0000000707400000, 0x0000000707600000|  0%| F|  |TAMS 0x0000000707400000, 0x0000000707400000| Untracked 
|  50|0x0000000707600000, 0x0000000707600000, 0x0000000707800000|  0%| F|  |TAMS 0x0000000707600000, 0x0000000707600000| Untracked 
|  51|0x0000000707800000, 0x0000000707800000, 0x0000000707a00000|  0%| F|  |TAMS 0x0000000707800000, 0x0000000707800000| Untracked 
|  52|0x0000000707a00000, 0x0000000707a00000, 0x0000000707c00000|  0%| F|  |TAMS 0x0000000707a00000, 0x0000000707a00000| Untracked 
|  53|0x0000000707c00000, 0x0000000707c00000, 0x0000000707e00000|  0%| F|  |TAMS 0x0000000707c00000, 0x0000000707c00000| Untracked 
|  54|0x0000000707e00000, 0x0000000707e00000, 0x0000000708000000|  0%| F|  |TAMS 0x0000000707e00000, 0x0000000707e00000| Untracked 
|  55|0x0000000708000000, 0x0000000708000000, 0x0000000708200000|  0%| F|  |TAMS 0x0000000708000000, 0x0000000708000000| Untracked 
|  56|0x0000000708200000, 0x0000000708200000, 0x0000000708400000|  0%| F|  |TAMS 0x0000000708200000, 0x0000000708200000| Untracked 
|  57|0x0000000708400000, 0x0000000708400000, 0x0000000708600000|  0%| F|  |TAMS 0x0000000708400000, 0x0000000708400000| Untracked 
|  58|0x0000000708600000, 0x0000000708600000, 0x0000000708800000|  0%| F|  |TAMS 0x0000000708600000, 0x0000000708600000| Untracked 
|  59|0x0000000708800000, 0x0000000708800000, 0x0000000708a00000|  0%| F|  |TAMS 0x0000000708800000, 0x0000000708800000| Untracked 
|  60|0x0000000708a00000, 0x0000000708a00000, 0x0000000708c00000|  0%| F|  |TAMS 0x0000000708a00000, 0x0000000708a00000| Untracked 
|  61|0x0000000708c00000, 0x0000000708c00000, 0x0000000708e00000|  0%| F|  |TAMS 0x0000000708c00000, 0x0000000708c00000| Untracked 
|  62|0x0000000708e00000, 0x0000000708e00000, 0x0000000709000000|  0%| F|  |TAMS 0x0000000708e00000, 0x0000000708e00000| Untracked 
|  63|0x0000000709000000, 0x0000000709000000, 0x0000000709200000|  0%| F|  |TAMS 0x0000000709000000, 0x0000000709000000| Untracked 
|  64|0x0000000709200000, 0x0000000709200000, 0x0000000709400000|  0%| F|  |TAMS 0x0000000709200000, 0x0000000709200000| Untracked 
|  65|0x0000000709400000, 0x0000000709400000, 0x0000000709600000|  0%| F|  |TAMS 0x0000000709400000, 0x0000000709400000| Untracked 
|  66|0x0000000709600000, 0x0000000709600000, 0x0000000709800000|  0%| F|  |TAMS 0x0000000709600000, 0x0000000709600000| Untracked 
|  67|0x0000000709800000, 0x0000000709800000, 0x0000000709a00000|  0%| F|  |TAMS 0x0000000709800000, 0x0000000709800000| Untracked 
|  68|0x0000000709a00000, 0x0000000709a00000, 0x0000000709c00000|  0%| F|  |TAMS 0x0000000709a00000, 0x0000000709a00000| Untracked 
|  69|0x0000000709c00000, 0x0000000709c00000, 0x0000000709e00000|  0%| F|  |TAMS 0x0000000709c00000, 0x0000000709c00000| Untracked 
|  70|0x0000000709e00000, 0x0000000709e00000, 0x000000070a000000|  0%| F|  |TAMS 0x0000000709e00000, 0x0000000709e00000| Untracked 
|  71|0x000000070a000000, 0x000000070a000000, 0x000000070a200000|  0%| F|  |TAMS 0x000000070a000000, 0x000000070a000000| Untracked 
|  72|0x000000070a200000, 0x000000070a200000, 0x000000070a400000|  0%| F|  |TAMS 0x000000070a200000, 0x000000070a200000| Untracked 
|  73|0x000000070a400000, 0x000000070a400000, 0x000000070a600000|  0%| F|  |TAMS 0x000000070a400000, 0x000000070a400000| Untracked 
|  74|0x000000070a600000, 0x000000070a600000, 0x000000070a800000|  0%| F|  |TAMS 0x000000070a600000, 0x000000070a600000| Untracked 
|  75|0x000000070a800000, 0x000000070a800000, 0x000000070aa00000|  0%| F|  |TAMS 0x000000070a800000, 0x000000070a800000| Untracked 
|  76|0x000000070aa00000, 0x000000070aa00000, 0x000000070ac00000|  0%| F|  |TAMS 0x000000070aa00000, 0x000000070aa00000| Untracked 
|  77|0x000000070ac00000, 0x000000070ac00000, 0x000000070ae00000|  0%| F|  |TAMS 0x000000070ac00000, 0x000000070ac00000| Untracked 
|  78|0x000000070ae00000, 0x000000070ae00000, 0x000000070b000000|  0%| F|  |TAMS 0x000000070ae00000, 0x000000070ae00000| Untracked 
|  79|0x000000070b000000, 0x000000070b000000, 0x000000070b200000|  0%| F|  |TAMS 0x000000070b000000, 0x000000070b000000| Untracked 
|  80|0x000000070b200000, 0x000000070b200000, 0x000000070b400000|  0%| F|  |TAMS 0x000000070b200000, 0x000000070b200000| Untracked 
|  81|0x000000070b400000, 0x000000070b400000, 0x000000070b600000|  0%| F|  |TAMS 0x000000070b400000, 0x000000070b400000| Untracked 
|  82|0x000000070b600000, 0x000000070b600000, 0x000000070b800000|  0%| F|  |TAMS 0x000000070b600000, 0x000000070b600000| Untracked 
|  83|0x000000070b800000, 0x000000070b800000, 0x000000070ba00000|  0%| F|  |TAMS 0x000000070b800000, 0x000000070b800000| Untracked 
|  84|0x000000070ba00000, 0x000000070ba00000, 0x000000070bc00000|  0%| F|  |TAMS 0x000000070ba00000, 0x000000070ba00000| Untracked 
|  85|0x000000070bc00000, 0x000000070bc00000, 0x000000070be00000|  0%| F|  |TAMS 0x000000070bc00000, 0x000000070bc00000| Untracked 
|  86|0x000000070be00000, 0x000000070be00000, 0x000000070c000000|  0%| F|  |TAMS 0x000000070be00000, 0x000000070be00000| Untracked 
|  87|0x000000070c000000, 0x000000070c000000, 0x000000070c200000|  0%| F|  |TAMS 0x000000070c000000, 0x000000070c000000| Untracked 
|  88|0x000000070c200000, 0x000000070c200000, 0x000000070c400000|  0%| F|  |TAMS 0x000000070c200000, 0x000000070c200000| Untracked 
|  89|0x000000070c400000, 0x000000070c400000, 0x000000070c600000|  0%| F|  |TAMS 0x000000070c400000, 0x000000070c400000| Untracked 
|  90|0x000000070c600000, 0x000000070c600000, 0x000000070c800000|  0%| F|  |TAMS 0x000000070c600000, 0x000000070c600000| Untracked 
|  91|0x000000070c800000, 0x000000070c800000, 0x000000070ca00000|  0%| F|  |TAMS 0x000000070c800000, 0x000000070c800000| Untracked 
|  92|0x000000070ca00000, 0x000000070ca00000, 0x000000070cc00000|  0%| F|  |TAMS 0x000000070ca00000, 0x000000070ca00000| Untracked 
|  93|0x000000070cc00000, 0x000000070cc00000, 0x000000070ce00000|  0%| F|  |TAMS 0x000000070cc00000, 0x000000070cc00000| Untracked 
|  94|0x000000070ce00000, 0x000000070ce00000, 0x000000070d000000|  0%| F|  |TAMS 0x000000070ce00000, 0x000000070ce00000| Untracked 
|  95|0x000000070d000000, 0x000000070d000000, 0x000000070d200000|  0%| F|  |TAMS 0x000000070d000000, 0x000000070d000000| Untracked 
|  96|0x000000070d200000, 0x000000070d200000, 0x000000070d400000|  0%| F|  |TAMS 0x000000070d200000, 0x000000070d200000| Untracked 
|  97|0x000000070d400000, 0x000000070d400000, 0x000000070d600000|  0%| F|  |TAMS 0x000000070d400000, 0x000000070d400000| Untracked 
|  98|0x000000070d600000, 0x000000070d600000, 0x000000070d800000|  0%| F|  |TAMS 0x000000070d600000, 0x000000070d600000| Untracked 
|  99|0x000000070d800000, 0x000000070d800000, 0x000000070da00000|  0%| F|  |TAMS 0x000000070d800000, 0x000000070d800000| Untracked 
| 100|0x000000070da00000, 0x000000070da00000, 0x000000070dc00000|  0%| F|  |TAMS 0x000000070da00000, 0x000000070da00000| Untracked 
| 101|0x000000070dc00000, 0x000000070dc00000, 0x000000070de00000|  0%| F|  |TAMS 0x000000070dc00000, 0x000000070dc00000| Untracked 
| 102|0x000000070de00000, 0x000000070de00000, 0x000000070e000000|  0%| F|  |TAMS 0x000000070de00000, 0x000000070de00000| Untracked 
| 103|0x000000070e000000, 0x000000070e000000, 0x000000070e200000|  0%| F|  |TAMS 0x000000070e000000, 0x000000070e000000| Untracked 
| 104|0x000000070e200000, 0x000000070e200000, 0x000000070e400000|  0%| F|  |TAMS 0x000000070e200000, 0x000000070e200000| Untracked 
| 105|0x000000070e400000, 0x000000070e400000, 0x000000070e600000|  0%| F|  |TAMS 0x000000070e400000, 0x000000070e400000| Untracked 
| 106|0x000000070e600000, 0x000000070e600000, 0x000000070e800000|  0%| F|  |TAMS 0x000000070e600000, 0x000000070e600000| Untracked 
| 107|0x000000070e800000, 0x000000070e800000, 0x000000070ea00000|  0%| F|  |TAMS 0x000000070e800000, 0x000000070e800000| Untracked 
| 108|0x000000070ea00000, 0x000000070ea00000, 0x000000070ec00000|  0%| F|  |TAMS 0x000000070ea00000, 0x000000070ea00000| Untracked 
| 109|0x000000070ec00000, 0x000000070ec00000, 0x000000070ee00000|  0%| F|  |TAMS 0x000000070ec00000, 0x000000070ec00000| Untracked 
| 110|0x000000070ee00000, 0x000000070ee00000, 0x000000070f000000|  0%| F|  |TAMS 0x000000070ee00000, 0x000000070ee00000| Untracked 
| 111|0x000000070f000000, 0x000000070f000000, 0x000000070f200000|  0%| F|  |TAMS 0x000000070f000000, 0x000000070f000000| Untracked 
| 112|0x000000070f200000, 0x000000070f200000, 0x000000070f400000|  0%| F|  |TAMS 0x000000070f200000, 0x000000070f200000| Untracked 
| 113|0x000000070f400000, 0x000000070f400000, 0x000000070f600000|  0%| F|  |TAMS 0x000000070f400000, 0x000000070f400000| Untracked 
| 114|0x000000070f600000, 0x000000070f600000, 0x000000070f800000|  0%| F|  |TAMS 0x000000070f600000, 0x000000070f600000| Untracked 
| 115|0x000000070f800000, 0x000000070f800000, 0x000000070fa00000|  0%| F|  |TAMS 0x000000070f800000, 0x000000070f800000| Untracked 
| 116|0x000000070fa00000, 0x000000070fa00000, 0x000000070fc00000|  0%| F|  |TAMS 0x000000070fa00000, 0x000000070fa00000| Untracked 
| 117|0x000000070fc00000, 0x000000070fc00000, 0x000000070fe00000|  0%| F|  |TAMS 0x000000070fc00000, 0x000000070fc00000| Untracked 
| 118|0x000000070fe00000, 0x000000070fe00000, 0x0000000710000000|  0%| F|  |TAMS 0x000000070fe00000, 0x000000070fe00000| Untracked 
| 119|0x0000000710000000, 0x0000000710000000, 0x0000000710200000|  0%| F|  |TAMS 0x0000000710000000, 0x0000000710000000| Untracked 
| 120|0x0000000710200000, 0x0000000710200000, 0x0000000710400000|  0%| F|  |TAMS 0x0000000710200000, 0x0000000710200000| Untracked 
| 121|0x0000000710400000, 0x0000000710400000, 0x0000000710600000|  0%| F|  |TAMS 0x0000000710400000, 0x0000000710400000| Untracked 
| 122|0x0000000710600000, 0x0000000710600000, 0x0000000710800000|  0%| F|  |TAMS 0x0000000710600000, 0x0000000710600000| Untracked 
| 123|0x0000000710800000, 0x0000000710800000, 0x0000000710a00000|  0%| F|  |TAMS 0x0000000710800000, 0x0000000710800000| Untracked 
| 124|0x0000000710a00000, 0x0000000710a00000, 0x0000000710c00000|  0%| F|  |TAMS 0x0000000710a00000, 0x0000000710a00000| Untracked 
| 125|0x0000000710c00000, 0x0000000710c00000, 0x0000000710e00000|  0%| F|  |TAMS 0x0000000710c00000, 0x0000000710c00000| Untracked 
| 126|0x0000000710e00000, 0x0000000710e71258, 0x0000000711000000| 22%| E|  |TAMS 0x0000000710e00000, 0x0000000710e00000| Complete 
| 127|0x0000000711000000, 0x0000000711200000, 0x0000000711200000|100%| E|CS|TAMS 0x0000000711000000, 0x0000000711000000| Complete 

Card table byte_map: [0x0000020233450000,0x0000020233c50000] _byte_map_base: 0x000002022fc47000

Marking Bits (Prev, Next): (CMBitMap*) 0x0000020219090370, (CMBitMap*) 0x00000202190903b0
 Prev Bits: [0x0000020234450000, 0x0000020238408000)
 Next Bits: [0x0000020238410000, 0x000002023c3c8000)

Polling page: 0x00000202231b0000

Metaspace:

Usage:
  Non-class:    257.20 KB used.
      Class:      9.15 KB used.
       Both:    266.34 KB used.

Virtual space:
  Non-class space:        8.00 MB reserved,     320.00 KB (  4%) committed,  1 nodes.
      Class space:        1.00 GB reserved,     128.00 KB ( <1%) committed,  1 nodes.
              Both:        1.01 GB reserved,     448.00 KB ( <1%) committed. 

Chunk freelists:
   Non-Class:  4.00 MB
       Class:  3.75 MB
        Both:  7.75 MB

MaxMetaspaceSize: 17179869184.00 GB
CompressedClassSpaceSize: 1.00 GB
 - commit_granule_bytes: 65536.
 - commit_granule_words: 8192.
 - virtual_space_node_default_size: 1048576.
 - enlarge_chunks_in_place: 1.
 - new_chunks_are_fully_committed: 0.
 - uncommit_free_chunks: 1.
 - use_allocation_guard: 0.
 - handle_deallocations: 1.


Internal statistics:

num_allocs_failed_limit: 0.
num_arena_births: 4.
num_arena_deaths: 0.
num_vsnodes_births: 2.
num_vsnodes_deaths: 0.
num_space_committed: 7.
num_space_uncommitted: 0.
num_chunks_returned_to_freelist: 0.
num_chunks_taken_from_freelist: 5.
num_chunk_merges: 0.
num_chunk_splits: 2.
num_chunks_enlarged: 1.
num_purges: 0.

CodeHeap 'non-profiled nmethods': size=238336Kb used=190Kb max_used=190Kb free=238145Kb
 bounds [0x0000020223910000, 0x0000020223b80000, 0x00000202321d0000]
CodeHeap 'non-nmethods': size=7424Kb used=1077Kb max_used=1077Kb free=6346Kb
 bounds [0x00000202231d0000, 0x0000020223440000, 0x0000020223910000]
 total_blobs=516 nmethods=176 adapters=268
 compilation: enabled
              stopped_count=0, restarted_count=0
 full_count=0

Compilation events (20 events):
Event: 0.133 Thread 0x000002023eecbb50 nmethod 166 0x000002022393d010 code [0x000002022393d1a0, 0x000002022393d2f8]
Event: 0.133 Thread 0x000002023eecbb50  167       1       java.util.HashMap::<init> (11 bytes)
Event: 0.133 Thread 0x000002023eecbb50 nmethod 167 0x000002022393d390 code [0x000002022393d520, 0x000002022393d5f8]
Event: 0.135 Thread 0x000002023eecbb50  168       1       java.lang.module.ResolvedModule::configuration (5 bytes)
Event: 0.135 Thread 0x000002023eecbb50 nmethod 168 0x000002022393d690 code [0x000002022393d820, 0x000002022393d8f8]
Event: 0.135 Thread 0x000002023eecbb50  169       1       java.lang.module.ModuleDescriptor::isOpen (5 bytes)
Event: 0.135 Thread 0x000002023eecbb50 nmethod 169 0x000002022393d990 code [0x000002022393db20, 0x000002022393dbf8]
Event: 0.135 Thread 0x000002023eecbb50  170       1       java.util.HashMap::size (5 bytes)
Event: 0.135 Thread 0x000002023eecbb50 nmethod 170 0x000002022393dc90 code [0x000002022393de20, 0x000002022393def8]
Event: 0.137 Thread 0x000002023eecbb50  171       1       java.net.URL::getFile (5 bytes)
Event: 0.137 Thread 0x000002023eecbb50 nmethod 171 0x000002022393df90 code [0x000002022393e120, 0x000002022393e1f8]
Event: 0.137 Thread 0x000002023eecbb50  172       1       java.lang.StringLatin1::indexOf (36 bytes)
Event: 0.138 Thread 0x000002023eecbb50 nmethod 172 0x000002022393e290 code [0x000002022393e440, 0x000002022393e5d8]
Event: 0.138 Thread 0x000002023eecbb50  173       1       java.lang.Class::getClassLoader (28 bytes)
Event: 0.138 Thread 0x000002023eecbb50 nmethod 173 0x000002022393e710 code [0x000002022393e8e0, 0x000002022393ebf8]
Event: 0.138 Thread 0x000002023eecbb50  174       1       java.lang.StringUTF16::putChar (54 bytes)
Event: 0.138 Thread 0x000002023eecbb50 nmethod 174 0x000002022393ee10 code [0x000002022393efa0, 0x000002022393f098]
Event: 0.138 Thread 0x000002023eecbb50  175       1       java.lang.StringUTF16::indexOfCharUnsafe (30 bytes)
Event: 0.138 Thread 0x000002023eecbb50 nmethod 175 0x000002022393f190 code [0x000002022393f320, 0x000002022393f438]
Event: 0.138 Thread 0x000002023eecbb50  176       1       java.lang.String::substring (58 bytes)

GC Heap History (0 events):
No events

Deoptimization events (0 events):
No events

Classes unloaded (0 events):
No events

Classes redefined (0 events):
No events

Internal exceptions (0 events):
No events

Events (20 events):
Event: 0.029 loading class sun/nio/cs/DelegatableDecoder done
Event: 0.029 loading class sun/nio/cs/DoubleByte$Decoder done
Event: 0.031 loading class sun/nio/cs/UTF_8$Encoder
Event: 0.031 loading class sun/nio/cs/UTF_8$Encoder done
Event: 0.032 Thread 0x000002023eec3ed0 Thread added: 0x000002023eec3ed0
Event: 0.032 Thread 0x000002023eec7c00 Thread added: 0x000002023eec7c00
Event: 0.032 Thread 0x000002023eec8920 Thread added: 0x000002023eec8920
Event: 0.032 Thread 0x000002023eec9230 Thread added: 0x000002023eec9230
Event: 0.032 Thread 0x000002023eecbb50 Thread added: 0x000002023eecbb50
Event: 0.032 Thread 0x000002023eededb0 Thread added: 0x000002023eededb0
Event: 0.115 Thread 0x000002023ee90a80 Thread added: 0x000002023ee90a80
Event: 0.123 Executing  VM operation: HandshakeAllThreads
Event: 0.123 Executing  VM operation: HandshakeAllThreads done
Event: 0.136 Loaded shared library C:\Users\帅得惊动党中央\.jdks\corretto-16.0.2\bin\zip.dll
Event: 0.137 loading class sun/instrument/InstrumentationImpl
Event: 0.138 loading class java/lang/instrument/Instrumentation
Event: 0.138 loading class java/lang/instrument/Instrumentation done
Event: 0.138 loading class sun/instrument/InstrumentationImpl done
Event: 0.138 loading class java/lang/StringCoding$StringEncoder
Event: 0.138 loading class java/lang/StringCoding$StringEncoder done


Dynamic libraries:
0x00007ff66b040000 - 0x00007ff66b04d000 	C:\Users\帅得惊动党中央\.jdks\corretto-16.0.2\bin\java.exe
0x00007ffdb7b30000 - 0x00007ffdb7d25000 	C:\WINDOWS\SYSTEM32\ntdll.dll
0x00007ffdb7400000 - 0x00007ffdb74be000 	C:\WINDOWS\System32\KERNEL32.DLL
0x00007ffdb5520000 - 0x00007ffdb57e8000 	C:\WINDOWS\System32\KERNELBASE.dll
0x00007ffdb23c0000 - 0x00007ffdb2450000 	C:\WINDOWS\SYSTEM32\apphelp.dll
0x00007ffdb5a90000 - 0x00007ffdb5b90000 	C:\WINDOWS\System32\ucrtbase.dll
0x00007ffdafd10000 - 0x00007ffdafd25000 	C:\Users\帅得惊动党中央\.jdks\corretto-16.0.2\bin\VCRUNTIME140.dll
0x00007ffdafd30000 - 0x00007ffdafd48000 	C:\Users\帅得惊动党中央\.jdks\corretto-16.0.2\bin\jli.dll
0x00007ffdb6120000 - 0x00007ffdb62c0000 	C:\WINDOWS\System32\USER32.dll
0x00007ffdb5860000 - 0x00007ffdb5882000 	C:\WINDOWS\System32\win32u.dll
0x00007ffdb7770000 - 0x00007ffdb779b000 	C:\WINDOWS\System32\GDI32.dll
0x00007ffdb52e0000 - 0x00007ffdb53eb000 	C:\WINDOWS\System32\gdi32full.dll
0x00007ffd9bff0000 - 0x00007ffd9c28a000 	C:\WINDOWS\WinSxS\amd64_microsoft.windows.common-controls_6595b64144ccf1df_6.0.19041.1110_none_60b5254171f9507e\COMCTL32.dll
0x00007ffdb59f0000 - 0x00007ffdb5a8d000 	C:\WINDOWS\System32\msvcp_win.dll
0x00007ffdb6380000 - 0x00007ffdb641e000 	C:\WINDOWS\System32\msvcrt.dll
0x00007ffdb7ac0000 - 0x00007ffdb7af0000 	C:\WINDOWS\System32\IMM32.DLL
0x00007ffd90ca0000 - 0x00007ffd90d3b000 	C:\Users\帅得惊动党中央\.jdks\corretto-16.0.2\bin\msvcp140.dll
0x00007ffd79a40000 - 0x00007ffd7a649000 	C:\Users\帅得惊动党中央\.jdks\corretto-16.0.2\bin\server\jvm.dll
0x00007ffdb6a10000 - 0x00007ffdb6abe000 	C:\WINDOWS\System32\ADVAPI32.dll
0x00007ffdb7670000 - 0x00007ffdb770c000 	C:\WINDOWS\System32\sechost.dll
0x00007ffdb78e0000 - 0x00007ffdb7a05000 	C:\WINDOWS\System32\RPCRT4.dll
0x00007ffdb7230000 - 0x00007ffdb7238000 	C:\WINDOWS\System32\PSAPI.DLL
0x00007ffd92030000 - 0x00007ffd92039000 	C:\WINDOWS\SYSTEM32\WSOCK32.dll
0x00007ffda8200000 - 0x00007ffda8227000 	C:\WINDOWS\SYSTEM32\WINMM.dll
0x00007ffdac490000 - 0x00007ffdac49a000 	C:\WINDOWS\SYSTEM32\VERSION.dll
0x00007ffdb7250000 - 0x00007ffdb72bb000 	C:\WINDOWS\System32\WS2_32.dll
0x00007ffdb3af0000 - 0x00007ffdb3b02000 	C:\WINDOWS\SYSTEM32\kernel.appcore.dll
0x00007ffdab1d0000 - 0x00007ffdab1da000 	C:\Users\帅得惊动党中央\.jdks\corretto-16.0.2\bin\jimage.dll
0x00007ffdb3810000 - 0x00007ffdb39f4000 	C:\WINDOWS\SYSTEM32\DBGHELP.DLL
0x00007ffda3ce0000 - 0x00007ffda3d0c000 	C:\WINDOWS\SYSTEM32\dbgcore.DLL
0x00007ffdb5250000 - 0x00007ffdb52d2000 	C:\WINDOWS\System32\bcryptPrimitives.dll
0x00007ffd934e0000 - 0x00007ffd934ee000 	C:\Users\帅得惊动党中央\.jdks\corretto-16.0.2\bin\instrument.dll
0x00007ffdab1a0000 - 0x00007ffdab1c5000 	C:\Users\帅得惊动党中央\.jdks\corretto-16.0.2\bin\java.dll
0x00007ffdb6ac0000 - 0x00007ffdb7204000 	C:\WINDOWS\System32\SHELL32.dll
0x00007ffdb2fa0000 - 0x00007ffdb3734000 	C:\WINDOWS\SYSTEM32\windows.storage.dll
0x00007ffdb5cf0000 - 0x00007ffdb6044000 	C:\WINDOWS\System32\combase.dll
0x00007ffdb4be0000 - 0x00007ffdb4c0c000 	C:\WINDOWS\SYSTEM32\Wldp.dll
0x00007ffdb7a10000 - 0x00007ffdb7abd000 	C:\WINDOWS\System32\SHCORE.dll
0x00007ffdb62c0000 - 0x00007ffdb6315000 	C:\WINDOWS\System32\shlwapi.dll
0x00007ffdb5190000 - 0x00007ffdb51af000 	C:\WINDOWS\SYSTEM32\profapi.dll
0x00007ffd93b50000 - 0x00007ffd93b68000 	C:\Users\帅得惊动党中央\.jdks\corretto-16.0.2\bin\zip.dll

dbghelp: loaded successfully - version: 4.0.5 - missing functions: none
symbol engine: initialized successfully - sym options: 0x614 - pdb path: .;C:\Users\帅得惊动党中央\.jdks\corretto-16.0.2\bin;C:\WINDOWS\SYSTEM32;C:\WINDOWS\WinSxS\amd64_microsoft.windows.common-controls_6595b64144ccf1df_6.0.19041.1110_none_60b5254171f9507e;C:\Users\帅得惊动党中央\.jdks\corretto-16.;C:\Users\帅得惊动党中央\.jdks\corre;C:\Users\帅得惊动党中央\.jdk

VM Arguments:
jvm_args: -XX:TieredStopAtLevel=1 -Xverify:none -Dspring.output.ansi.enabled=always -javaagent:D:\Program Files\IntelliJ IDEA 2021.1.2\lib\idea_rt.jar=52167:D:\Program Files\IntelliJ IDEA 2021.1.2\bin -Dcom.sun.management.jmxremote -Dspring.jmx.enabled=true -Dspring.liveBeansView.mbeanDomain -Dspring.application.admin.enabled=true -Dfile.encoding=UTF-8 
java_command: main.biggreenbook.BigGreenBookApplication
java_class_path (initial): D:\Workspace\GreenBook\big-green-book\target\classes;C:\Users\帅得惊动党中央\.m2\repository\org\springframework\boot\spring-boot-starter-web\2.6.4\spring-boot-starter-web-2.6.4.jar;C:\Users\帅得惊动党中央\.m2\repository\org\springframework\boot\spring-boot-starter\2.6.4\spring-boot-starter-2.6.4.jar;C:\Users\帅得惊动党中央\.m2\repository\org\springframework\boot\spring-boot\2.6.4\spring-boot-2.6.4.jar;C:\Users\帅得惊动党中央\.m2\repository\org\springframework\boot\spring-boot-autoconfigure\2.6.4\spring-boot-autoconfigure-2.6.4.jar;C:\Users\帅得惊动党中央\.m2\repository\org\springframework\boot\spring-boot-starter-logging\2.6.4\spring-boot-starter-logging-2.6.4.jar;C:\Users\帅得惊动党中央\.m2\repository\ch\qos\logback\logback-classic\1.2.10\logback-classic-1.2.10.jar;C:\Users\帅得惊动党中央\.m2\repository\ch\qos\logback\logback-core\1.2.10\logback-core-1.2.10.jar;C:\Users\帅得惊动党中央\.m2\repository\org\apache\logging\log4j\log4j-to-slf4j\2.17.1\log4j-to-slf4j-2.17.1.jar;C:\Users\帅得惊动党中央\.m2\repository\org\apache\logging\log4j\log4j-api\2.17.1\log4j-api-2.17.1.jar;C:\Users\帅得惊动党中央\.m2\repository\org\slf4j\jul-to-slf4j\1.7.36\jul-to-slf4j-1.7.36.jar;C:\Users\帅得惊动党中央\.m2\repository\jakarta\annotation\jakarta.annotation-api\1.3.5\jakarta.annotation-api-1.3.5.jar;C:\Users\帅得惊动党中央\.m2\repository\org\yaml\snakeyaml\1.29\snakeyaml-1.29.jar;C:\Users\帅得惊动党中央\.m2\repository\org\springframework\boot\spring-boot-starter-json\2.6.4\spring-boot-starter-json-2.6.4.jar;C:\Users\帅得惊动党中央\.m2\repository\com\fasterxml\jackson\core\jackson-databind\2.13.1\jackson-databind-2.13.1.jar;C:\Users\帅得惊动党中央\.m2\repository\com\fasterxml\jackson\core\jackson-annotations\2.13.1\jackson-annotations-2.13.1.jar;C:\Users\帅得惊动党中央\.m2\repository\com\fasterxml\jackson\core\jackson-core\2.13.1\jackson-core-2.13.1.jar;C:\Users\帅得惊动党中央\.m2\repository\com\fasterxml\jackson\datatype\jackson-datatype-jdk8\2.13.1\jackso
Launcher Type: SUN_STANDARD

[Global flags]
     intx CICompilerCount                          = 4                                         {product} {ergonomic}
     uint ConcGCThreads                            = 2                                         {product} {ergonomic}
     uint G1ConcRefinementThreads                  = 8                                         {product} {ergonomic}
   size_t G1HeapRegionSize                         = 2097152                                   {product} {ergonomic}
    uintx GCDrainStackTargetSize                   = 64                                        {product} {ergonomic}
   size_t InitialHeapSize                          = 268435456                                 {product} {ergonomic}
     bool ManagementServer                         = true                                      {product} {command line}
   size_t MarkStackSize                            = 4194304                                   {product} {ergonomic}
   size_t MaxHeapSize                              = 4276092928                                {product} {ergonomic}
   size_t MaxNewSize                               = 2564816896                                {product} {ergonomic}
   size_t MinHeapDeltaBytes                        = 2097152                                   {product} {ergonomic}
   size_t MinHeapSize                              = 8388608                                   {product} {ergonomic}
    uintx NonNMethodCodeHeapSize                   = 7549744                                {pd product} {ergonomic}
    uintx NonProfiledCodeHeapSize                  = 244108496                              {pd product} {ergonomic}
    uintx ProfiledCodeHeapSize                     = 0                                      {pd product} {ergonomic}
    uintx ReservedCodeCacheSize                    = 251658240                              {pd product} {ergonomic}
     bool SegmentedCodeCache                       = true                                      {product} {ergonomic}
   size_t SoftMaxHeapSize                          = 4276092928                             {manageable} {ergonomic}
     intx TieredStopAtLevel                        = 1                                         {product} {command line}
     bool UseCompressedClassPointers               = true                           {product lp64_product} {ergonomic}
     bool UseCompressedOops                        = true                           {product lp64_product} {ergonomic}
     bool UseG1GC                                  = true                                      {product} {ergonomic}
     bool UseLargePagesIndividualAllocation        = false                                  {pd product} {ergonomic}

Logging:
Log output configuration:
 #0: stdout all=warning uptime,level,tags
 #1: stderr all=off uptime,level,tags

Environment Variables:
JAVA_HOME=C:\Program Files\Java\jdk-13.0.1\
CLASSPATH=C:\Program Files\Java\jdk-13.0.1\\bin;C:\Program Files\Java\jdk-13.0.1\\jre\bin;D:\Program Files\apache-maven-3.8.1
PATH=D:\OracleDatabase_11gR2\product\11.2.0\dbhome_1\bin;C:\Program Files (x86)\Common Files\Oracle\Java\javapath;C:\Program Files (x86)\NVIDIA Corporation\PhysX\Common;%;C:\WINDOWS\system32;C:\WINDOWS;C:\WINDOWS\System32\Wbem;C:\WINDOWS\System32\WindowsPowerShell\v1.0\;C:\WINDOWS\System32\OpenSSH\;D:\Program Files\Matlab\runtime\win64;D:\Program Files\Matlab\bin;D:\Program Files\Matlab\polyspace\bin;D:\Program Files\Maven\apache-maven-3.8.1\apache-maven\src\bin;C:\Program Files\Java\jdk-13.0.1\\bin;D:\Program Files\apache-maven-3.8.1\\bin;C:\Program Files (x86)\Microsoft SQL Server\150\DTS\Binn\;C:\Program Files\Azure Data Studio\bin;"D:\Program Files\tomcat\bin;";D:\Program Files\tomcat\lib;D:\Git\cmd;;D:\Program Files\微信web开发者工具\dll;D:\Program Files\NodeJs\;C:\Program Files\MySQL\MySQL Shell 8.0\bin\;D:\python\Scripts\;D:\python\;C:\Program Files\Java\jdk-13.0.1\bin;D:\IntelliJ IDEA Community Edition 2019.3.2\bin;D:\Fiddler;C:\Users\帅得惊动党中央\AppData\Local\Microsoft\WindowsApps;D:\Microsoft VS Code\bin;C:\Program Files\JetBrains\PyCharm Community Edition 2020.3.3\bin;D:\Program Files\apache-maven-3.8.1;D:\Program Files\Maven\apache-maven-3.8.1\bin;D:\Program Files\IntelliJ IDEA 2021.1.1\bin;C:\Users\帅得惊动党中央\AppData\Roaming\npm
USERNAME=帅得惊动党中央
OS=Windows_NT
PROCESSOR_IDENTIFIER=Intel64 Family 6 Model 158 Stepping 10, GenuineIntel



---------------  S Y S T E M  ---------------

OS:
 Windows 10 , 64 bit Build 19041 (10.0.19041.1566)
OS uptime: 0 days 10:33 hours

CPU: total 8 (initial active 8) (4 cores per cpu, 2 threads per core) family 6 model 158 stepping 10 microcode 0xb4, cx8, cmov, fxsr, ht, mmx, 3dnowpref, sse, sse2, sse3, ssse3, sse4.1, sse4.2, popcnt, lzcnt, tsc, tscinvbit, avx, avx2, aes, erms, clmul, bmi1, bmi2, adx, fma, vzeroupper, clflush, clflushopt

Memory: 4k page, system-wide physical 16304M (4566M free)
TotalPageFile size 24496M (AvailPageFile size 4M)
current process WorkingSet (physical memory assigned to process): 29M, peak: 29M
current process commit charge ("private bytes"): 340M, peak: 340M

vm_info: OpenJDK 64-Bit Server VM (16.0.2+7) for windows-amd64 JRE (16.0.2+7), built on Jul 22 2021 01:11:46 by "Administrator" with MS VC++ 15.9 (VS2017)

END.
